version = 1
startTime = 2025-12-13 08:57:01.091
screenWidth = 1920
screenHeight = 1080
----------------------------------------
Event 0: MsgID=512, Time=235896812, X=512, Y=512, MouseData=0, Flags=0, TimeStamp=235896812
Event 1: MsgID=512, Time=235896812, X=1887, Y=2143, MouseData=0, Flags=0, TimeStamp=235896812
Event 2: MsgID=512, Time=235896828, X=1886, Y=2143, MouseData=0, Flags=0, TimeStamp=235896828
Event 3: MsgID=512, Time=235896828, X=1882, Y=2141, MouseData=0, Flags=0, TimeStamp=235896828
Event 4: MsgID=512, Time=235896843, X=1878, Y=2140, MouseData=0, Flags=0, TimeStamp=235896843
Event 5: MsgID=512, Time=235896859, X=1874, Y=2138, MouseData=0, Flags=0, TimeStamp=235896859
Event 6: MsgID=512, Time=235896859, X=1868, Y=2135, MouseData=0, Flags=0, TimeStamp=235896859
Event 7: MsgID=512, Time=235896875, X=1863, Y=2133, MouseData=0, Flags=0, TimeStamp=235896875
Event 8: MsgID=512, Time=235896875, X=1857, Y=2131, MouseData=0, Flags=0, TimeStamp=235896875
Event 9: MsgID=512, Time=235896890, X=1851, Y=2129, MouseData=0, Flags=0, TimeStamp=235896890
Event 10: MsgID=512, Time=235896890, X=1845, Y=2125, MouseData=0, Flags=0, TimeStamp=235896890
Event 11: MsgID=512, Time=235896906, X=1838, Y=2123, MouseData=0, Flags=0, TimeStamp=235896906
Event 12: MsgID=512, Time=235896906, X=1831, Y=2119, MouseData=0, Flags=0, TimeStamp=235896906
Event 13: MsgID=512, Time=235896921, X=1825, Y=2117, MouseData=0, Flags=0, TimeStamp=235896921
Event 14: MsgID=512, Time=235896921, X=1818, Y=2113, MouseData=0, Flags=0, TimeStamp=235896921
Event 15: MsgID=512, Time=235896937, X=1811, Y=2111, MouseData=0, Flags=0, TimeStamp=235896937
Event 16: MsgID=512, Time=235896937, X=1803, Y=2107, MouseData=0, Flags=0, TimeStamp=235896937
Event 17: MsgID=512, Time=235896953, X=1798, Y=2105, MouseData=0, Flags=0, TimeStamp=235896953
Event 18: MsgID=512, Time=235896953, X=1792, Y=2102, MouseData=0, Flags=0, TimeStamp=235896953
Event 19: MsgID=512, Time=235896968, X=1788, Y=2100, MouseData=0, Flags=0, TimeStamp=235896968
Event 20: MsgID=512, Time=235896968, X=1785, Y=2099, MouseData=0, Flags=0, TimeStamp=235896968
Event 21: MsgID=512, Time=235896984, X=1782, Y=2097, MouseData=0, Flags=0, TimeStamp=235896984
Event 22: MsgID=512, Time=235896984, X=1780, Y=2095, MouseData=0, Flags=0, TimeStamp=235896984
Event 23: MsgID=512, Time=235897000, X=1779, Y=2094, MouseData=0, Flags=0, TimeStamp=235897000
Event 24: MsgID=512, Time=235897000, X=1777, Y=2092, MouseData=0, Flags=0, TimeStamp=235897000
Event 25: MsgID=512, Time=235897015, X=1776, Y=2092, MouseData=0, Flags=0, TimeStamp=235897015
Event 26: MsgID=512, Time=235897015, X=1776, Y=2091, MouseData=0, Flags=0, TimeStamp=235897015
Event 27: MsgID=512, Time=235897031, X=1775, Y=2090, MouseData=0, Flags=0, TimeStamp=235897031
Event 28: MsgID=512, Time=235897031, X=1774, Y=2089, MouseData=0, Flags=0, TimeStamp=235897031
Event 29: MsgID=512, Time=235897046, X=1773, Y=2089, MouseData=0, Flags=0, TimeStamp=235897046
Event 30: MsgID=512, Time=235897046, X=1773, Y=2089, MouseData=0, Flags=0, TimeStamp=235897046
Event 31: MsgID=512, Time=235897062, X=1772, Y=2088, MouseData=0, Flags=0, TimeStamp=235897062
Event 32: MsgID=512, Time=235897062, X=1771, Y=2087, MouseData=0, Flags=0, TimeStamp=235897062
Event 33: MsgID=512, Time=235897078, X=1771, Y=2086, MouseData=0, Flags=0, TimeStamp=235897078
Event 34: MsgID=512, Time=235897078, X=1769, Y=2085, MouseData=0, Flags=0, TimeStamp=235897078
Event 35: MsgID=512, Time=235897093, X=1768, Y=2084, MouseData=0, Flags=0, TimeStamp=235897093
Event 36: MsgID=512, Time=235897093, X=1767, Y=2083, MouseData=0, Flags=0, TimeStamp=235897093
Event 37: MsgID=512, Time=235897109, X=1765, Y=2082, MouseData=0, Flags=0, TimeStamp=235897109
Event 38: MsgID=512, Time=235897109, X=1764, Y=2081, MouseData=0, Flags=0, TimeStamp=235897109
Event 39: MsgID=512, Time=235897125, X=1762, Y=2079, MouseData=0, Flags=0, TimeStamp=235897125
Event 40: MsgID=512, Time=235897125, X=1761, Y=2078, MouseData=0, Flags=0, TimeStamp=235897125
Event 41: MsgID=512, Time=235897140, X=1759, Y=2077, MouseData=0, Flags=0, TimeStamp=235897140
Event 42: MsgID=512, Time=235897140, X=1757, Y=2074, MouseData=0, Flags=0, TimeStamp=235897140
Event 43: MsgID=512, Time=235897156, X=1755, Y=2072, MouseData=0, Flags=0, TimeStamp=235897156
Event 44: MsgID=512, Time=235897171, X=1754, Y=2070, MouseData=0, Flags=0, TimeStamp=235897171
Event 45: MsgID=512, Time=235897171, X=1751, Y=2067, MouseData=0, Flags=0, TimeStamp=235897171
Event 46: MsgID=512, Time=235897187, X=1749, Y=2066, MouseData=0, Flags=0, TimeStamp=235897187
Event 47: MsgID=512, Time=235897187, X=1746, Y=2063, MouseData=0, Flags=0, TimeStamp=235897187
Event 48: MsgID=512, Time=235897203, X=1743, Y=2060, MouseData=0, Flags=0, TimeStamp=235897203
Event 49: MsgID=512, Time=235897203, X=1741, Y=2057, MouseData=0, Flags=0, TimeStamp=235897203
Event 50: MsgID=512, Time=235897218, X=1738, Y=2054, MouseData=0, Flags=0, TimeStamp=235897218
Event 51: MsgID=512, Time=235897218, X=1736, Y=2052, MouseData=0, Flags=0, TimeStamp=235897218
Event 52: MsgID=512, Time=235897218, X=1733, Y=2049, MouseData=0, Flags=0, TimeStamp=235897218
Event 53: MsgID=512, Time=235897234, X=1731, Y=2047, MouseData=0, Flags=0, TimeStamp=235897234
Event 54: MsgID=512, Time=235897234, X=1728, Y=2044, MouseData=0, Flags=0, TimeStamp=235897234
Event 55: MsgID=512, Time=235897250, X=1723, Y=2039, MouseData=0, Flags=0, TimeStamp=235897250
Event 56: MsgID=512, Time=235897250, X=1721, Y=2036, MouseData=0, Flags=0, TimeStamp=235897250
Event 57: MsgID=512, Time=235897265, X=1716, Y=2032, MouseData=0, Flags=0, TimeStamp=235897265
Event 58: MsgID=512, Time=235897281, X=1713, Y=2029, MouseData=0, Flags=0, TimeStamp=235897281
Event 59: MsgID=512, Time=235897281, X=1709, Y=2024, MouseData=0, Flags=0, TimeStamp=235897281
Event 60: MsgID=512, Time=235897296, X=1706, Y=2022, MouseData=0, Flags=0, TimeStamp=235897296
Event 61: MsgID=512, Time=235897296, X=1701, Y=2018, MouseData=0, Flags=0, TimeStamp=235897296
Event 62: MsgID=512, Time=235897312, X=1698, Y=2014, MouseData=0, Flags=0, TimeStamp=235897312
Event 63: MsgID=512, Time=235897312, X=1694, Y=2011, MouseData=0, Flags=0, TimeStamp=235897312
Event 64: MsgID=512, Time=235897328, X=1691, Y=2008, MouseData=0, Flags=0, TimeStamp=235897328
Event 65: MsgID=512, Time=235897328, X=1687, Y=2005, MouseData=0, Flags=0, TimeStamp=235897328
Event 66: MsgID=512, Time=235897343, X=1682, Y=2000, MouseData=0, Flags=0, TimeStamp=235897343
Event 67: MsgID=512, Time=235897343, X=1678, Y=1997, MouseData=0, Flags=0, TimeStamp=235897343
Event 68: MsgID=512, Time=235897359, X=1672, Y=1992, MouseData=0, Flags=0, TimeStamp=235897359
Event 69: MsgID=512, Time=235897359, X=1667, Y=1989, MouseData=0, Flags=0, TimeStamp=235897359
Event 70: MsgID=512, Time=235897375, X=1661, Y=1985, MouseData=0, Flags=0, TimeStamp=235897375
Event 71: MsgID=512, Time=235897375, X=1657, Y=1982, MouseData=0, Flags=0, TimeStamp=235897375
Event 72: MsgID=512, Time=235897390, X=1651, Y=1978, MouseData=0, Flags=0, TimeStamp=235897390
Event 73: MsgID=512, Time=235897390, X=1646, Y=1976, MouseData=0, Flags=0, TimeStamp=235897390
Event 74: MsgID=512, Time=235897406, X=1640, Y=1973, MouseData=0, Flags=0, TimeStamp=235897406
Event 75: MsgID=512, Time=235897406, X=1634, Y=1970, MouseData=0, Flags=0, TimeStamp=235897406
Event 76: MsgID=512, Time=235897421, X=1629, Y=1968, MouseData=0, Flags=0, TimeStamp=235897421
Event 77: MsgID=512, Time=235897421, X=1624, Y=1966, MouseData=0, Flags=0, TimeStamp=235897421
Event 78: MsgID=512, Time=235897437, X=1620, Y=1964, MouseData=0, Flags=0, TimeStamp=235897437
Event 79: MsgID=512, Time=235897437, X=1616, Y=1962, MouseData=0, Flags=0, TimeStamp=235897437
Event 80: MsgID=512, Time=235897453, X=1613, Y=1961, MouseData=0, Flags=0, TimeStamp=235897453
Event 81: MsgID=512, Time=235897453, X=1612, Y=1960, MouseData=0, Flags=0, TimeStamp=235897453
Event 82: MsgID=512, Time=235897468, X=1610, Y=1959, MouseData=0, Flags=0, TimeStamp=235897468
Event 83: MsgID=512, Time=235897468, X=1608, Y=1958, MouseData=0, Flags=0, TimeStamp=235897468
Event 84: MsgID=512, Time=235897484, X=1607, Y=1958, MouseData=0, Flags=0, TimeStamp=235897484
Event 85: MsgID=512, Time=235897500, X=1606, Y=1957, MouseData=0, Flags=0, TimeStamp=235897500
Event 86: MsgID=512, Time=235897500, X=1605, Y=1956, MouseData=0, Flags=0, TimeStamp=235897500
Event 87: MsgID=512, Time=235897515, X=1604, Y=1956, MouseData=0, Flags=0, TimeStamp=235897515
Event 88: MsgID=512, Time=235897515, X=1603, Y=1955, MouseData=0, Flags=0, TimeStamp=235897515
Event 89: MsgID=512, Time=235897531, X=1601, Y=1954, MouseData=0, Flags=0, TimeStamp=235897531
Event 90: MsgID=512, Time=235897531, X=1599, Y=1953, MouseData=0, Flags=0, TimeStamp=235897531
Event 91: MsgID=512, Time=235897546, X=1598, Y=1952, MouseData=0, Flags=0, TimeStamp=235897546
Event 92: MsgID=512, Time=235897546, X=1596, Y=1951, MouseData=0, Flags=0, TimeStamp=235897546
Event 93: MsgID=512, Time=235897562, X=1593, Y=1949, MouseData=0, Flags=0, TimeStamp=235897562
Event 94: MsgID=512, Time=235897562, X=1590, Y=1947, MouseData=0, Flags=0, TimeStamp=235897562
Event 95: MsgID=512, Time=235897578, X=1588, Y=1946, MouseData=0, Flags=0, TimeStamp=235897578
Event 96: MsgID=512, Time=235897578, X=1585, Y=1945, MouseData=0, Flags=0, TimeStamp=235897578
Event 97: MsgID=512, Time=235897593, X=1583, Y=1944, MouseData=0, Flags=0, TimeStamp=235897593
Event 98: MsgID=512, Time=235897593, X=1580, Y=1942, MouseData=0, Flags=0, TimeStamp=235897593
Event 99: MsgID=512, Time=235897609, X=1577, Y=1940, MouseData=0, Flags=0, TimeStamp=235897609
Event 100: MsgID=512, Time=235897609, X=1575, Y=1938, MouseData=0, Flags=0, TimeStamp=235897609
Event 101: MsgID=512, Time=235897625, X=1571, Y=1936, MouseData=0, Flags=0, TimeStamp=235897625
Event 102: MsgID=512, Time=235897625, X=1567, Y=1934, MouseData=0, Flags=0, TimeStamp=235897625
Event 103: MsgID=512, Time=235897640, X=1562, Y=1931, MouseData=0, Flags=0, TimeStamp=235897640
Event 104: MsgID=512, Time=235897640, X=1559, Y=1929, MouseData=0, Flags=0, TimeStamp=235897640
Event 105: MsgID=512, Time=235897656, X=1555, Y=1927, MouseData=0, Flags=0, TimeStamp=235897656
Event 106: MsgID=512, Time=235897656, X=1553, Y=1925, MouseData=0, Flags=0, TimeStamp=235897656
Event 107: MsgID=512, Time=235897671, X=1550, Y=1923, MouseData=0, Flags=0, TimeStamp=235897671
Event 108: MsgID=512, Time=235897671, X=1548, Y=1922, MouseData=0, Flags=0, TimeStamp=235897671
Event 109: MsgID=512, Time=235897687, X=1546, Y=1921, MouseData=0, Flags=0, TimeStamp=235897687
Event 110: MsgID=512, Time=235897687, X=1545, Y=1920, MouseData=0, Flags=0, TimeStamp=235897687
Event 111: MsgID=512, Time=235897703, X=1543, Y=1918, MouseData=0, Flags=0, TimeStamp=235897703
Event 112: MsgID=512, Time=235897703, X=1541, Y=1917, MouseData=0, Flags=0, TimeStamp=235897703
Event 113: MsgID=512, Time=235897718, X=1538, Y=1916, MouseData=0, Flags=0, TimeStamp=235897718
Event 114: MsgID=512, Time=235897718, X=1537, Y=1915, MouseData=0, Flags=0, TimeStamp=235897718
Event 115: MsgID=512, Time=235897734, X=1535, Y=1913, MouseData=0, Flags=0, TimeStamp=235897734
Event 116: MsgID=512, Time=235897734, X=1532, Y=1913, MouseData=0, Flags=0, TimeStamp=235897734
Event 117: MsgID=512, Time=235897750, X=1529, Y=1911, MouseData=0, Flags=0, TimeStamp=235897750
Event 118: MsgID=512, Time=235897750, X=1526, Y=1908, MouseData=0, Flags=0, TimeStamp=235897750
Event 119: MsgID=512, Time=235897765, X=1522, Y=1906, MouseData=0, Flags=0, TimeStamp=235897765
Event 120: MsgID=512, Time=235897765, X=1518, Y=1903, MouseData=0, Flags=0, TimeStamp=235897765
Event 121: MsgID=512, Time=235897781, X=1514, Y=1900, MouseData=0, Flags=0, TimeStamp=235897781
Event 122: MsgID=512, Time=235897781, X=1508, Y=1897, MouseData=0, Flags=0, TimeStamp=235897781
Event 123: MsgID=512, Time=235897796, X=1501, Y=1893, MouseData=0, Flags=0, TimeStamp=235897796
Event 124: MsgID=512, Time=235897796, X=1493, Y=1891, MouseData=0, Flags=0, TimeStamp=235897796
Event 125: MsgID=512, Time=235897812, X=1485, Y=1888, MouseData=0, Flags=0, TimeStamp=235897812
Event 126: MsgID=512, Time=235897812, X=1474, Y=1886, MouseData=0, Flags=0, TimeStamp=235897812
Event 127: MsgID=512, Time=235897828, X=1464, Y=1883, MouseData=0, Flags=0, TimeStamp=235897828
version = 1
startTime = 2025-12-13 08:57:48.700
screenWidth = 1920
screenHeight = 1080
----------------------------------------
Event 0: MsgID=512, Time=235943765, X=512, Y=2078, MouseData=0, Flags=0, TimeStamp=235943765
Event 1: MsgID=512, Time=235943765, X=653, Y=2077, MouseData=0, Flags=0, TimeStamp=235943765
Event 2: MsgID=512, Time=235943781, X=653, Y=2075, MouseData=0, Flags=0, TimeStamp=235943781
Event 3: MsgID=512, Time=235943781, X=653, Y=2071, MouseData=0, Flags=0, TimeStamp=235943781
Event 4: MsgID=512, Time=235943796, X=652, Y=2066, MouseData=0, Flags=0, TimeStamp=235943796
Event 5: MsgID=512, Time=235943796, X=651, Y=2060, MouseData=0, Flags=0, TimeStamp=235943796
Event 6: MsgID=512, Time=235943812, X=649, Y=2056, MouseData=0, Flags=0, TimeStamp=235943812
Event 7: MsgID=512, Time=235943812, X=648, Y=2053, MouseData=0, Flags=0, TimeStamp=235943812
Event 8: MsgID=512, Time=235943828, X=648, Y=2051, MouseData=0, Flags=0, TimeStamp=235943828
Event 9: MsgID=512, Time=235943828, X=648, Y=2050, MouseData=0, Flags=0, TimeStamp=235943828
Event 10: MsgID=512, Time=235943843, X=648, Y=2049, MouseData=0, Flags=0, TimeStamp=235943843
Event 11: MsgID=512, Time=235944343, X=648, Y=2048, MouseData=0, Flags=0, TimeStamp=235944343
Event 12: MsgID=512, Time=235944375, X=648, Y=2047, MouseData=0, Flags=0, TimeStamp=235944375
Event 13: MsgID=512, Time=235944375, X=649, Y=2046, MouseData=0, Flags=0, TimeStamp=235944375
Event 14: MsgID=512, Time=235944390, X=651, Y=2043, MouseData=0, Flags=0, TimeStamp=235944390
Event 15: MsgID=512, Time=235944390, X=654, Y=2041, MouseData=0, Flags=0, TimeStamp=235944390
Event 16: MsgID=512, Time=235944406, X=658, Y=2038, MouseData=0, Flags=0, TimeStamp=235944406
Event 17: MsgID=512, Time=235944406, X=662, Y=2034, MouseData=0, Flags=0, TimeStamp=235944406
Event 18: MsgID=512, Time=235944421, X=667, Y=2028, MouseData=0, Flags=0, TimeStamp=235944421
Event 19: MsgID=512, Time=235944421, X=673, Y=2022, MouseData=0, Flags=0, TimeStamp=235944421
Event 20: MsgID=512, Time=235944437, X=680, Y=2012, MouseData=0, Flags=0, TimeStamp=235944437
Event 21: MsgID=512, Time=235944437, X=687, Y=2002, MouseData=0, Flags=0, TimeStamp=235944437
Event 22: MsgID=512, Time=235944453, X=694, Y=1988, MouseData=0, Flags=0, TimeStamp=235944453
Event 23: MsgID=512, Time=235944453, X=703, Y=1970, MouseData=0, Flags=0, TimeStamp=235944453
Event 24: MsgID=512, Time=235944468, X=711, Y=1948, MouseData=0, Flags=0, TimeStamp=235944468
Event 25: MsgID=512, Time=235944468, X=723, Y=1917, MouseData=0, Flags=0, TimeStamp=235944468
Event 26: MsgID=512, Time=235944484, X=738, Y=1878, MouseData=0, Flags=0, TimeStamp=235944484
Event 27: MsgID=512, Time=235944484, X=753, Y=1840, MouseData=0, Flags=0, TimeStamp=235944484
Event 28: MsgID=512, Time=235944500, X=769, Y=1792, MouseData=0, Flags=0, TimeStamp=235944500
Event 29: MsgID=512, Time=235944500, X=787, Y=1744, MouseData=0, Flags=0, TimeStamp=235944500
Event 30: MsgID=512, Time=235944515, X=806, Y=1689, MouseData=0, Flags=0, TimeStamp=235944515
Event 31: MsgID=512, Time=235944515, X=828, Y=1627, MouseData=0, Flags=0, TimeStamp=235944515
Event 32: MsgID=512, Time=235944531, X=851, Y=1559, MouseData=0, Flags=0, TimeStamp=235944531
Event 33: MsgID=512, Time=235944531, X=877, Y=1481, MouseData=0, Flags=0, TimeStamp=235944531
Event 34: MsgID=512, Time=235944546, X=906, Y=1396, MouseData=0, Flags=0, TimeStamp=235944546
Event 35: MsgID=512, Time=235944546, X=936, Y=1305, MouseData=0, Flags=0, TimeStamp=235944546
Event 36: MsgID=512, Time=235944562, X=971, Y=1209, MouseData=0, Flags=0, TimeStamp=235944562
Event 37: MsgID=512, Time=235944562, X=1007, Y=1114, MouseData=0, Flags=0, TimeStamp=235944562
Event 38: MsgID=512, Time=235944578, X=1042, Y=1012, MouseData=0, Flags=0, TimeStamp=235944578
Event 39: MsgID=512, Time=235944578, X=1073, Y=931, MouseData=0, Flags=0, TimeStamp=235944578
Event 40: MsgID=512, Time=235944593, X=1107, Y=846, MouseData=0, Flags=0, TimeStamp=235944593
Event 41: MsgID=512, Time=235944593, X=1142, Y=759, MouseData=0, Flags=0, TimeStamp=235944593
Event 42: MsgID=512, Time=235944609, X=1178, Y=672, MouseData=0, Flags=0, TimeStamp=235944609
Event 43: MsgID=512, Time=235944609, X=1214, Y=587, MouseData=0, Flags=0, TimeStamp=235944609
Event 44: MsgID=512, Time=235944625, X=1249, Y=502, MouseData=0, Flags=0, TimeStamp=235944625
Event 45: MsgID=512, Time=235944625, X=1285, Y=418, MouseData=0, Flags=0, TimeStamp=235944625
Event 46: MsgID=512, Time=235944640, X=1320, Y=338, MouseData=0, Flags=0, TimeStamp=235944640
Event 47: MsgID=512, Time=235944640, X=1356, Y=259, MouseData=0, Flags=0, TimeStamp=235944640
Event 48: MsgID=512, Time=235944656, X=1391, Y=179, MouseData=0, Flags=0, TimeStamp=235944656
Event 49: MsgID=512, Time=235944656, X=1426, Y=103, MouseData=0, Flags=0, TimeStamp=235944656
Event 50: MsgID=512, Time=235944671, X=1459, Y=26, MouseData=0, Flags=0, TimeStamp=235944671
Event 51: MsgID=512, Time=235944687, X=1489, Y=-48, MouseData=0, Flags=0, TimeStamp=235944687
Event 52: MsgID=512, Time=235944687, X=1520, Y=-71, MouseData=0, Flags=0, TimeStamp=235944687
Event 53: MsgID=512, Time=235944703, X=1550, Y=-71, MouseData=0, Flags=0, TimeStamp=235944703
Event 54: MsgID=512, Time=235944703, X=1575, Y=-69, MouseData=0, Flags=0, TimeStamp=235944703
Event 55: MsgID=512, Time=235944718, X=1603, Y=-68, MouseData=0, Flags=0, TimeStamp=235944718
Event 56: MsgID=512, Time=235944718, X=1628, Y=-63, MouseData=0, Flags=0, TimeStamp=235944718
Event 57: MsgID=512, Time=235944734, X=1653, Y=-58, MouseData=0, Flags=0, TimeStamp=235944734
Event 58: MsgID=512, Time=235944734, X=1678, Y=-53, MouseData=0, Flags=0, TimeStamp=235944734
Event 59: MsgID=512, Time=235944750, X=1702, Y=-52, MouseData=0, Flags=0, TimeStamp=235944750
Event 60: MsgID=512, Time=235944750, X=1724, Y=-48, MouseData=0, Flags=0, TimeStamp=235944750
Event 61: MsgID=512, Time=235944765, X=1741, Y=-44, MouseData=0, Flags=0, TimeStamp=235944765
Event 62: MsgID=512, Time=235944765, X=1758, Y=-41, MouseData=0, Flags=0, TimeStamp=235944765
Event 63: MsgID=512, Time=235944781, X=1773, Y=-39, MouseData=0, Flags=0, TimeStamp=235944781
Event 64: MsgID=512, Time=235944781, X=1785, Y=-36, MouseData=0, Flags=0, TimeStamp=235944781
Event 65: MsgID=512, Time=235944796, X=1797, Y=-33, MouseData=0, Flags=0, TimeStamp=235944796
Event 66: MsgID=512, Time=235944796, X=1807, Y=-28, MouseData=0, Flags=0, TimeStamp=235944796
Event 67: MsgID=512, Time=235944812, X=1817, Y=-30, MouseData=0, Flags=0, TimeStamp=235944812
Event 68: MsgID=512, Time=235944812, X=1823, Y=-22, MouseData=0, Flags=0, TimeStamp=235944812
Event 69: MsgID=512, Time=235944828, X=1829, Y=-21, MouseData=0, Flags=0, TimeStamp=235944828
Event 70: MsgID=512, Time=235944828, X=1834, Y=-19, MouseData=0, Flags=0, TimeStamp=235944828
Event 71: MsgID=512, Time=235944843, X=1838, Y=-16, MouseData=0, Flags=0, TimeStamp=235944843
Event 72: MsgID=512, Time=235944843, X=1841, Y=-13, MouseData=0, Flags=0, TimeStamp=235944843
Event 73: MsgID=512, Time=235944859, X=1843, Y=-12, MouseData=0, Flags=0, TimeStamp=235944859
Event 74: MsgID=512, Time=235944859, X=1846, Y=-12, MouseData=0, Flags=0, TimeStamp=235944859
Event 75: MsgID=512, Time=235944875, X=1847, Y=-11, MouseData=0, Flags=0, TimeStamp=235944875
Event 76: MsgID=512, Time=235944875, X=1847, Y=-9, MouseData=0, Flags=0, TimeStamp=235944875
Event 77: MsgID=512, Time=235944890, X=1848, Y=-9, MouseData=0, Flags=0, TimeStamp=235944890
Event 78: MsgID=512, Time=235944890, X=1848, Y=-10, MouseData=0, Flags=0, TimeStamp=235944890
Event 79: MsgID=512, Time=235944906, X=1848, Y=-6, MouseData=0, Flags=0, TimeStamp=235944906
Event 80: MsgID=512, Time=235944906, X=1848, Y=-7, MouseData=0, Flags=0, TimeStamp=235944906
Event 81: MsgID=512, Time=235944921, X=1848, Y=-6, MouseData=0, Flags=0, TimeStamp=235944921
Event 82: MsgID=512, Time=235944921, X=1849, Y=-5, MouseData=0, Flags=0, TimeStamp=235944921
Event 83: MsgID=512, Time=235944937, X=1849, Y=-4, MouseData=0, Flags=0, TimeStamp=235944937
Event 84: MsgID=512, Time=235944937, X=1849, Y=-3, MouseData=0, Flags=0, TimeStamp=235944937
Event 85: MsgID=512, Time=235944953, X=1849, Y=-3, MouseData=0, Flags=0, TimeStamp=235944953
Event 86: MsgID=512, Time=235944953, X=1849, Y=-3, MouseData=0, Flags=0, TimeStamp=235944953
Event 87: MsgID=512, Time=235944968, X=1849, Y=-3, MouseData=0, Flags=0, TimeStamp=235944968
Event 88: MsgID=512, Time=235944968, X=1849, Y=-3, MouseData=0, Flags=0, TimeStamp=235944968
Event 89: MsgID=512, Time=235944984, X=1850, Y=-1, MouseData=0, Flags=0, TimeStamp=235944984
Event 90: MsgID=512, Time=235945000, X=1850, Y=-1, MouseData=0, Flags=0, TimeStamp=235945000
Event 91: MsgID=512, Time=235945000, X=1850, Y=-1, MouseData=0, Flags=0, TimeStamp=235945000
Event 92: MsgID=512, Time=235945015, X=1850, Y=-1, MouseData=0, Flags=0, TimeStamp=235945015
Event 93: MsgID=512, Time=235945171, X=1850, Y=0, MouseData=0, Flags=0, TimeStamp=235945171
Event 94: MsgID=512, Time=235945171, X=1849, Y=0, MouseData=0, Flags=0, TimeStamp=235945171
Event 95: MsgID=512, Time=235945187, X=1846, Y=0, MouseData=0, Flags=0, TimeStamp=235945187
Event 96: MsgID=512, Time=235945187, X=1837, Y=1, MouseData=0, Flags=0, TimeStamp=235945187
Event 97: MsgID=512, Time=235945203, X=1825, Y=3, MouseData=0, Flags=0, TimeStamp=235945203
Event 98: MsgID=512, Time=235945203, X=1808, Y=7, MouseData=0, Flags=0, TimeStamp=235945203
Event 99: MsgID=512, Time=235945218, X=1779, Y=11, MouseData=0, Flags=0, TimeStamp=235945218
Event 100: MsgID=512, Time=235945218, X=1740, Y=17, MouseData=0, Flags=0, TimeStamp=235945218
Event 101: MsgID=512, Time=235945234, X=1690, Y=25, MouseData=0, Flags=0, TimeStamp=235945234
Event 102: MsgID=512, Time=235945234, X=1628, Y=35, MouseData=0, Flags=0, TimeStamp=235945234
Event 103: MsgID=512, Time=235945250, X=1551, Y=45, MouseData=0, Flags=0, TimeStamp=235945250
Event 104: MsgID=512, Time=235945250, X=1467, Y=56, MouseData=0, Flags=0, TimeStamp=235945250
Event 105: MsgID=512, Time=235945265, X=1376, Y=70, MouseData=0, Flags=0, TimeStamp=235945265
Event 106: MsgID=512, Time=235945265, X=1278, Y=83, MouseData=0, Flags=0, TimeStamp=235945265
Event 107: MsgID=512, Time=235945281, X=1176, Y=96, MouseData=0, Flags=0, TimeStamp=235945281
Event 108: MsgID=512, Time=235945281, X=1076, Y=108, MouseData=0, Flags=0, TimeStamp=235945281
Event 109: MsgID=512, Time=235945296, X=972, Y=119, MouseData=0, Flags=0, TimeStamp=235945296
Event 110: MsgID=512, Time=235945296, X=872, Y=126, MouseData=0, Flags=0, TimeStamp=235945296
Event 111: MsgID=512, Time=235945312, X=768, Y=132, MouseData=0, Flags=0, TimeStamp=235945312
Event 112: MsgID=512, Time=235945328, X=666, Y=137, MouseData=0, Flags=0, TimeStamp=235945328
Event 113: MsgID=512, Time=235945328, X=563, Y=141, MouseData=0, Flags=0, TimeStamp=235945328
Event 114: MsgID=512, Time=235945328, X=462, Y=146, MouseData=0, Flags=0, TimeStamp=235945328
Event 115: MsgID=512, Time=235945343, X=370, Y=150, MouseData=0, Flags=0, TimeStamp=235945343
Event 116: MsgID=512, Time=235945359, X=291, Y=154, MouseData=0, Flags=0, TimeStamp=235945359
Event 117: MsgID=512, Time=235945359, X=220, Y=161, MouseData=0, Flags=0, TimeStamp=235945359
Event 118: MsgID=512, Time=235945375, X=162, Y=167, MouseData=0, Flags=0, TimeStamp=235945375
Event 119: MsgID=512, Time=235945375, X=115, Y=170, MouseData=0, Flags=0, TimeStamp=235945375
Event 120: MsgID=512, Time=235945390, X=79, Y=176, MouseData=0, Flags=0, TimeStamp=235945390
Event 121: MsgID=512, Time=235945390, X=53, Y=179, MouseData=0, Flags=0, TimeStamp=235945390
Event 122: MsgID=512, Time=235945406, X=34, Y=183, MouseData=0, Flags=0, TimeStamp=235945406
Event 123: MsgID=512, Time=235945406, X=24, Y=186, MouseData=0, Flags=0, TimeStamp=235945406
Event 124: MsgID=512, Time=235945421, X=14, Y=190, MouseData=0, Flags=0, TimeStamp=235945421
Event 125: MsgID=512, Time=235945421, X=8, Y=194, MouseData=0, Flags=0, TimeStamp=235945421
Event 126: MsgID=512, Time=235945437, X=4, Y=200, MouseData=0, Flags=0, TimeStamp=235945437
Event 127: MsgID=512, Time=235945437, X=-1, Y=206, MouseData=0, Flags=0, TimeStamp=235945437
version = 1
startTime = 2025-12-13 08:58:17.539
screenWidth = 1920
screenHeight = 1080
----------------------------------------
Event 0: MsgID=512, Time=235973156, X=512, Y=2159, MouseData=0, Flags=0, TimeStamp=235973156
Event 1: MsgID=512, Time=235973156, X=-1, Y=2159, MouseData=0, Flags=0, TimeStamp=235973156
Event 2: MsgID=512, Time=235973171, X=0, Y=2158, MouseData=0, Flags=0, TimeStamp=235973171
Event 3: MsgID=512, Time=235973187, X=0, Y=2157, MouseData=0, Flags=0, TimeStamp=235973187
Event 4: MsgID=512, Time=235973187, X=-1, Y=2156, MouseData=0, Flags=0, TimeStamp=235973187
Event 5: MsgID=512, Time=235973203, X=0, Y=2154, MouseData=0, Flags=0, TimeStamp=235973203
Event 6: MsgID=512, Time=235973203, X=0, Y=2152, MouseData=0, Flags=0, TimeStamp=235973203
Event 7: MsgID=512, Time=235973218, X=0, Y=2151, MouseData=0, Flags=0, TimeStamp=235973218
Event 8: MsgID=512, Time=235973218, X=0, Y=2148, MouseData=0, Flags=0, TimeStamp=235973218
Event 9: MsgID=512, Time=235973234, X=0, Y=2146, MouseData=0, Flags=0, TimeStamp=235973234
Event 10: MsgID=512, Time=235973234, X=-1, Y=2145, MouseData=0, Flags=0, TimeStamp=235973234
Event 11: MsgID=512, Time=235973250, X=0, Y=2143, MouseData=0, Flags=0, TimeStamp=235973250
Event 12: MsgID=512, Time=235973250, X=-1, Y=2141, MouseData=0, Flags=0, TimeStamp=235973250
Event 13: MsgID=512, Time=235973265, X=0, Y=2140, MouseData=0, Flags=0, TimeStamp=235973265
Event 14: MsgID=512, Time=235973265, X=0, Y=2139, MouseData=0, Flags=0, TimeStamp=235973265
Event 15: MsgID=512, Time=235973265, X=0, Y=2138, MouseData=0, Flags=0, TimeStamp=235973265
Event 16: MsgID=512, Time=235973281, X=-1, Y=2137, MouseData=0, Flags=0, TimeStamp=235973281
Event 17: MsgID=512, Time=235973296, X=0, Y=2135, MouseData=0, Flags=0, TimeStamp=235973296
Event 18: MsgID=512, Time=235973296, X=0, Y=2134, MouseData=0, Flags=0, TimeStamp=235973296
Event 19: MsgID=512, Time=235973312, X=-1, Y=2133, MouseData=0, Flags=0, TimeStamp=235973312
Event 20: MsgID=512, Time=235973312, X=0, Y=2132, MouseData=0, Flags=0, TimeStamp=235973312
Event 21: MsgID=512, Time=235973328, X=0, Y=2131, MouseData=0, Flags=0, TimeStamp=235973328
Event 22: MsgID=512, Time=235973328, X=0, Y=2130, MouseData=0, Flags=0, TimeStamp=235973328
Event 23: MsgID=512, Time=235973343, X=0, Y=2129, MouseData=0, Flags=0, TimeStamp=235973343
Event 24: MsgID=512, Time=235973343, X=0, Y=2129, MouseData=0, Flags=0, TimeStamp=235973343
Event 25: MsgID=512, Time=235973343, X=0, Y=2128, MouseData=0, Flags=0, TimeStamp=235973343
Event 26: MsgID=512, Time=235973359, X=0, Y=2127, MouseData=0, Flags=0, TimeStamp=235973359
Event 27: MsgID=512, Time=235973375, X=0, Y=2127, MouseData=0, Flags=0, TimeStamp=235973375
Event 28: MsgID=512, Time=235973390, X=0, Y=2126, MouseData=0, Flags=0, TimeStamp=235973390
Event 29: MsgID=512, Time=235973390, X=0, Y=2125, MouseData=0, Flags=0, TimeStamp=235973390
Event 30: MsgID=512, Time=235973406, X=0, Y=2124, MouseData=0, Flags=0, TimeStamp=235973406
Event 31: MsgID=512, Time=235973406, X=0, Y=2124, MouseData=0, Flags=0, TimeStamp=235973406
Event 32: MsgID=512, Time=235973421, X=0, Y=2123, MouseData=0, Flags=0, TimeStamp=235973421
Event 33: MsgID=512, Time=235973421, X=0, Y=2122, MouseData=0, Flags=0, TimeStamp=235973421
Event 34: MsgID=512, Time=235973437, X=-1, Y=2122, MouseData=0, Flags=0, TimeStamp=235973437
Event 35: MsgID=512, Time=235973437, X=0, Y=2121, MouseData=0, Flags=0, TimeStamp=235973437
Event 36: MsgID=512, Time=235973453, X=0, Y=2119, MouseData=0, Flags=0, TimeStamp=235973453
Event 37: MsgID=512, Time=235973453, X=0, Y=2119, MouseData=0, Flags=0, TimeStamp=235973453
Event 38: MsgID=512, Time=235973468, X=0, Y=2118, MouseData=0, Flags=0, TimeStamp=235973468
Event 39: MsgID=512, Time=235973484, X=0, Y=2117, MouseData=0, Flags=0, TimeStamp=235973484
Event 40: MsgID=512, Time=235973500, X=0, Y=2117, MouseData=0, Flags=0, TimeStamp=235973500
Event 41: MsgID=512, Time=235973515, X=0, Y=2116, MouseData=0, Flags=0, TimeStamp=235973515
Event 42: MsgID=512, Time=235973531, X=-1, Y=2115, MouseData=0, Flags=0, TimeStamp=235973531
Event 43: MsgID=512, Time=235973531, X=0, Y=2114, MouseData=0, Flags=0, TimeStamp=235973531
Event 44: MsgID=512, Time=235973546, X=0, Y=2113, MouseData=0, Flags=0, TimeStamp=235973546
Event 45: MsgID=512, Time=235973546, X=0, Y=2112, MouseData=0, Flags=0, TimeStamp=235973546
Event 46: MsgID=512, Time=235973562, X=0, Y=2112, MouseData=0, Flags=0, TimeStamp=235973562
Event 47: MsgID=512, Time=235973562, X=-1, Y=2110, MouseData=0, Flags=0, TimeStamp=235973562
Event 48: MsgID=512, Time=235973578, X=0, Y=2109, MouseData=0, Flags=0, TimeStamp=235973578
Event 49: MsgID=512, Time=235973578, X=0, Y=2108, MouseData=0, Flags=0, TimeStamp=235973578
Event 50: MsgID=512, Time=235973593, X=0, Y=2107, MouseData=0, Flags=0, TimeStamp=235973593
Event 51: MsgID=512, Time=235973593, X=0, Y=2105, MouseData=0, Flags=0, TimeStamp=235973593
Event 52: MsgID=512, Time=235973609, X=0, Y=2104, MouseData=0, Flags=0, TimeStamp=235973609
Event 53: MsgID=512, Time=235973609, X=0, Y=2103, MouseData=0, Flags=0, TimeStamp=235973609
Event 54: MsgID=512, Time=235973625, X=-1, Y=2102, MouseData=0, Flags=0, TimeStamp=235973625
Event 55: MsgID=512, Time=235973625, X=0, Y=2100, MouseData=0, Flags=0, TimeStamp=235973625
Event 56: MsgID=512, Time=235973640, X=0, Y=2098, MouseData=0, Flags=0, TimeStamp=235973640
Event 57: MsgID=512, Time=235973640, X=-1, Y=2097, MouseData=0, Flags=0, TimeStamp=235973640
Event 58: MsgID=512, Time=235973656, X=0, Y=2095, MouseData=0, Flags=0, TimeStamp=235973656
Event 59: MsgID=512, Time=235973656, X=-1, Y=2094, MouseData=0, Flags=0, TimeStamp=235973656
Event 60: MsgID=512, Time=235973671, X=0, Y=2094, MouseData=0, Flags=0, TimeStamp=235973671
Event 61: MsgID=512, Time=235973671, X=0, Y=2092, MouseData=0, Flags=0, TimeStamp=235973671
Event 62: MsgID=512, Time=235973687, X=0, Y=2091, MouseData=0, Flags=0, TimeStamp=235973687
Event 63: MsgID=512, Time=235973687, X=0, Y=2091, MouseData=0, Flags=0, TimeStamp=235973687
Event 64: MsgID=512, Time=235973703, X=0, Y=2090, MouseData=0, Flags=0, TimeStamp=235973703
Event 65: MsgID=512, Time=235973703, X=0, Y=2089, MouseData=0, Flags=0, TimeStamp=235973703
Event 66: MsgID=512, Time=235973718, X=0, Y=2089, MouseData=0, Flags=0, TimeStamp=235973718
Event 67: MsgID=512, Time=235973734, X=0, Y=2088, MouseData=0, Flags=0, TimeStamp=235973734
Event 68: MsgID=512, Time=235973734, X=0, Y=2087, MouseData=0, Flags=0, TimeStamp=235973734
Event 69: MsgID=512, Time=235973750, X=0, Y=2086, MouseData=0, Flags=0, TimeStamp=235973750
Event 70: MsgID=512, Time=235973750, X=-1, Y=2086, MouseData=0, Flags=0, TimeStamp=235973750
Event 71: MsgID=512, Time=235973765, X=0, Y=2086, MouseData=0, Flags=0, TimeStamp=235973765
Event 72: MsgID=512, Time=235973765, X=0, Y=2085, MouseData=0, Flags=0, TimeStamp=235973765
Event 73: MsgID=512, Time=235973781, X=-1, Y=2084, MouseData=0, Flags=0, TimeStamp=235973781
Event 74: MsgID=512, Time=235973781, X=0, Y=2084, MouseData=0, Flags=0, TimeStamp=235973781
Event 75: MsgID=512, Time=235973796, X=0, Y=2083, MouseData=0, Flags=0, TimeStamp=235973796
Event 76: MsgID=512, Time=235973796, X=0, Y=2082, MouseData=0, Flags=0, TimeStamp=235973796
Event 77: MsgID=512, Time=235973812, X=0, Y=2081, MouseData=0, Flags=0, TimeStamp=235973812
Event 78: MsgID=512, Time=235973812, X=-1, Y=2080, MouseData=0, Flags=0, TimeStamp=235973812
Event 79: MsgID=512, Time=235973828, X=0, Y=2078, MouseData=0, Flags=0, TimeStamp=235973828
Event 80: MsgID=512, Time=235973828, X=-1, Y=2078, MouseData=0, Flags=0, TimeStamp=235973828
Event 81: MsgID=512, Time=235973843, X=0, Y=2077, MouseData=0, Flags=0, TimeStamp=235973843
Event 82: MsgID=512, Time=235973843, X=-1, Y=2075, MouseData=0, Flags=0, TimeStamp=235973843
Event 83: MsgID=512, Time=235973859, X=0, Y=2075, MouseData=0, Flags=0, TimeStamp=235973859
Event 84: MsgID=512, Time=235973859, X=0, Y=2073, MouseData=0, Flags=0, TimeStamp=235973859
Event 85: MsgID=512, Time=235973875, X=0, Y=2073, MouseData=0, Flags=0, TimeStamp=235973875
Event 86: MsgID=512, Time=235973875, X=0, Y=2072, MouseData=0, Flags=0, TimeStamp=235973875
Event 87: MsgID=512, Time=235973890, X=-1, Y=2070, MouseData=0, Flags=0, TimeStamp=235973890
Event 88: MsgID=512, Time=235973890, X=0, Y=2070, MouseData=0, Flags=0, TimeStamp=235973890
Event 89: MsgID=512, Time=235973906, X=-1, Y=2069, MouseData=0, Flags=0, TimeStamp=235973906
Event 90: MsgID=512, Time=235973921, X=0, Y=2067, MouseData=0, Flags=0, TimeStamp=235973921
Event 91: MsgID=512, Time=235973921, X=-1, Y=2067, MouseData=0, Flags=0, TimeStamp=235973921
Event 92: MsgID=512, Time=235973937, X=0, Y=2065, MouseData=0, Flags=0, TimeStamp=235973937
Event 93: MsgID=512, Time=235973937, X=0, Y=2064, MouseData=0, Flags=0, TimeStamp=235973937
Event 94: MsgID=512, Time=235973953, X=0, Y=2064, MouseData=0, Flags=0, TimeStamp=235973953
Event 95: MsgID=512, Time=235973953, X=0, Y=2063, MouseData=0, Flags=0, TimeStamp=235973953
Event 96: MsgID=512, Time=235973968, X=-1, Y=2063, MouseData=0, Flags=0, TimeStamp=235973968
Event 97: MsgID=512, Time=235973968, X=0, Y=2062, MouseData=0, Flags=0, TimeStamp=235973968
Event 98: MsgID=512, Time=235973984, X=0, Y=2062, MouseData=0, Flags=0, TimeStamp=235973984
Event 99: MsgID=512, Time=235974000, X=-1, Y=2061, MouseData=0, Flags=0, TimeStamp=235974000
Event 100: MsgID=512, Time=235974000, X=0, Y=2060, MouseData=0, Flags=0, TimeStamp=235974000
Event 101: MsgID=512, Time=235974015, X=0, Y=2059, MouseData=0, Flags=0, TimeStamp=235974015
Event 102: MsgID=512, Time=235974031, X=0, Y=2059, MouseData=0, Flags=0, TimeStamp=235974031
Event 103: MsgID=512, Time=235974046, X=0, Y=2059, MouseData=0, Flags=0, TimeStamp=235974046
Event 104: MsgID=512, Time=235974062, X=0, Y=2058, MouseData=0, Flags=0, TimeStamp=235974062
Event 105: MsgID=512, Time=235974078, X=0, Y=2057, MouseData=0, Flags=0, TimeStamp=235974078
Event 106: MsgID=512, Time=235974078, X=-1, Y=2057, MouseData=0, Flags=0, TimeStamp=235974078
Event 107: MsgID=512, Time=235974093, X=0, Y=2057, MouseData=0, Flags=0, TimeStamp=235974093
Event 108: MsgID=512, Time=235974109, X=-1, Y=2056, MouseData=0, Flags=0, TimeStamp=235974109
Event 109: MsgID=512, Time=235974109, X=0, Y=2055, MouseData=0, Flags=0, TimeStamp=235974109
Event 110: MsgID=512, Time=235974125, X=0, Y=2054, MouseData=0, Flags=0, TimeStamp=235974125
Event 111: MsgID=512, Time=235974125, X=-1, Y=2054, MouseData=0, Flags=0, TimeStamp=235974125
Event 112: MsgID=512, Time=235974140, X=0, Y=2054, MouseData=0, Flags=0, TimeStamp=235974140
Event 113: MsgID=512, Time=235974140, X=0, Y=2053, MouseData=0, Flags=0, TimeStamp=235974140
Event 114: MsgID=512, Time=235974156, X=0, Y=2052, MouseData=0, Flags=0, TimeStamp=235974156
Event 115: MsgID=512, Time=235974156, X=0, Y=2052, MouseData=0, Flags=0, TimeStamp=235974156
Event 116: MsgID=512, Time=235974171, X=0, Y=2051, MouseData=0, Flags=0, TimeStamp=235974171
Event 117: MsgID=512, Time=235974171, X=0, Y=2050, MouseData=0, Flags=0, TimeStamp=235974171
Event 118: MsgID=512, Time=235974187, X=0, Y=2049, MouseData=0, Flags=0, TimeStamp=235974187
Event 119: MsgID=512, Time=235974187, X=-1, Y=2049, MouseData=0, Flags=0, TimeStamp=235974187
Event 120: MsgID=512, Time=235974203, X=0, Y=2048, MouseData=0, Flags=0, TimeStamp=235974203
Event 121: MsgID=512, Time=235974203, X=-1, Y=2047, MouseData=0, Flags=0, TimeStamp=235974203
Event 122: MsgID=512, Time=235974218, X=0, Y=2047, MouseData=0, Flags=0, TimeStamp=235974218
Event 123: MsgID=512, Time=235974218, X=0, Y=2046, MouseData=0, Flags=0, TimeStamp=235974218
Event 124: MsgID=512, Time=235974234, X=0, Y=2045, MouseData=0, Flags=0, TimeStamp=235974234
Event 125: MsgID=512, Time=235974250, X=-1, Y=2044, MouseData=0, Flags=0, TimeStamp=235974250
Event 126: MsgID=512, Time=235974250, X=0, Y=2043, MouseData=0, Flags=0, TimeStamp=235974250
Event 127: MsgID=512, Time=235974265, X=-1, Y=2041, MouseData=0, Flags=0, TimeStamp=235974265
version = 1
startTime = 2025-12-13 08:58:34.903
screenWidth = 1920
screenHeight = 1080
----------------------------------------
Event 0: MsgID=512, Time=235990625, X=512, Y=512, MouseData=0, Flags=0, TimeStamp=235990625
Event 1: MsgID=512, Time=235990640, X=2, Y=2159, MouseData=0, Flags=0, TimeStamp=235990640
Event 2: MsgID=512, Time=235990640, X=4, Y=2161, MouseData=0, Flags=0, TimeStamp=235990640
Event 3: MsgID=512, Time=235990656, X=7, Y=2161, MouseData=0, Flags=0, TimeStamp=235990656
Event 4: MsgID=512, Time=235990656, X=10, Y=2161, MouseData=0, Flags=0, TimeStamp=235990656
Event 5: MsgID=512, Time=235990671, X=14, Y=2162, MouseData=0, Flags=0, TimeStamp=235990671
Event 6: MsgID=512, Time=235990671, X=18, Y=2161, MouseData=0, Flags=0, TimeStamp=235990671
Event 7: MsgID=512, Time=235990687, X=23, Y=2162, MouseData=0, Flags=0, TimeStamp=235990687
Event 8: MsgID=512, Time=235990687, X=25, Y=2161, MouseData=0, Flags=0, TimeStamp=235990687
Event 9: MsgID=512, Time=235990703, X=30, Y=2162, MouseData=0, Flags=0, TimeStamp=235990703
Event 10: MsgID=512, Time=235990703, X=32, Y=2161, MouseData=0, Flags=0, TimeStamp=235990703
Event 11: MsgID=512, Time=235990718, X=35, Y=2161, MouseData=0, Flags=0, TimeStamp=235990718
Event 12: MsgID=512, Time=235990718, X=38, Y=2160, MouseData=0, Flags=0, TimeStamp=235990718
Event 13: MsgID=512, Time=235990734, X=41, Y=2161, MouseData=0, Flags=0, TimeStamp=235990734
Event 14: MsgID=512, Time=235990734, X=44, Y=2161, MouseData=0, Flags=0, TimeStamp=235990734
Event 15: MsgID=512, Time=235990750, X=46, Y=2160, MouseData=0, Flags=0, TimeStamp=235990750
Event 16: MsgID=512, Time=235990750, X=49, Y=2161, MouseData=0, Flags=0, TimeStamp=235990750
Event 17: MsgID=512, Time=235990765, X=51, Y=2160, MouseData=0, Flags=0, TimeStamp=235990765
Event 18: MsgID=512, Time=235990765, X=53, Y=2160, MouseData=0, Flags=0, TimeStamp=235990765
Event 19: MsgID=512, Time=235990781, X=55, Y=2161, MouseData=0, Flags=0, TimeStamp=235990781
Event 20: MsgID=512, Time=235990781, X=57, Y=2161, MouseData=0, Flags=0, TimeStamp=235990781
Event 21: MsgID=512, Time=235990796, X=59, Y=2160, MouseData=0, Flags=0, TimeStamp=235990796
Event 22: MsgID=512, Time=235990796, X=62, Y=2160, MouseData=0, Flags=0, TimeStamp=235990796
Event 23: MsgID=512, Time=235990812, X=62, Y=2159, MouseData=0, Flags=0, TimeStamp=235990812
Event 24: MsgID=512, Time=235990812, X=64, Y=2161, MouseData=0, Flags=0, TimeStamp=235990812
Event 25: MsgID=512, Time=235990828, X=66, Y=2160, MouseData=0, Flags=0, TimeStamp=235990828
Event 26: MsgID=512, Time=235990843, X=67, Y=2160, MouseData=0, Flags=0, TimeStamp=235990843
Event 27: MsgID=512, Time=235990843, X=70, Y=2161, MouseData=0, Flags=0, TimeStamp=235990843
Event 28: MsgID=512, Time=235990859, X=72, Y=2160, MouseData=0, Flags=0, TimeStamp=235990859
Event 29: MsgID=512, Time=235990859, X=75, Y=2161, MouseData=0, Flags=0, TimeStamp=235990859
Event 30: MsgID=512, Time=235990875, X=78, Y=2161, MouseData=0, Flags=0, TimeStamp=235990875
Event 31: MsgID=512, Time=235990875, X=80, Y=2161, MouseData=0, Flags=0, TimeStamp=235990875
Event 32: MsgID=512, Time=235990890, X=84, Y=2161, MouseData=0, Flags=0, TimeStamp=235990890
Event 33: MsgID=512, Time=235990890, X=88, Y=2161, MouseData=0, Flags=0, TimeStamp=235990890
Event 34: MsgID=512, Time=235990906, X=93, Y=2162, MouseData=0, Flags=0, TimeStamp=235990906
Event 35: MsgID=512, Time=235990906, X=97, Y=2161, MouseData=0, Flags=0, TimeStamp=235990906
Event 36: MsgID=512, Time=235990921, X=101, Y=2163, MouseData=0, Flags=0, TimeStamp=235990921
Event 37: MsgID=512, Time=235990921, X=105, Y=2161, MouseData=0, Flags=0, TimeStamp=235990921
Event 38: MsgID=512, Time=235990937, X=110, Y=2162, MouseData=0, Flags=0, TimeStamp=235990937
Event 39: MsgID=512, Time=235990937, X=115, Y=2161, MouseData=0, Flags=0, TimeStamp=235990937
Event 40: MsgID=512, Time=235990953, X=120, Y=2161, MouseData=0, Flags=0, TimeStamp=235990953
Event 41: MsgID=512, Time=235990953, X=122, Y=2162, MouseData=0, Flags=0, TimeStamp=235990953
Event 42: MsgID=512, Time=235990968, X=127, Y=2161, MouseData=0, Flags=0, TimeStamp=235990968
Event 43: MsgID=512, Time=235990968, X=131, Y=2161, MouseData=0, Flags=0, TimeStamp=235990968
Event 44: MsgID=512, Time=235990984, X=133, Y=2161, MouseData=0, Flags=0, TimeStamp=235990984
Event 45: MsgID=512, Time=235990984, X=137, Y=2161, MouseData=0, Flags=0, TimeStamp=235990984
Event 46: MsgID=512, Time=235991000, X=140, Y=2162, MouseData=0, Flags=0, TimeStamp=235991000
Event 47: MsgID=512, Time=235991000, X=144, Y=2161, MouseData=0, Flags=0, TimeStamp=235991000
Event 48: MsgID=512, Time=235991015, X=149, Y=2161, MouseData=0, Flags=0, TimeStamp=235991015
Event 49: MsgID=512, Time=235991015, X=151, Y=2161, MouseData=0, Flags=0, TimeStamp=235991015
Event 50: MsgID=512, Time=235991031, X=154, Y=2161, MouseData=0, Flags=0, TimeStamp=235991031
Event 51: MsgID=512, Time=235991031, X=158, Y=2162, MouseData=0, Flags=0, TimeStamp=235991031
Event 52: MsgID=512, Time=235991046, X=161, Y=2161, MouseData=0, Flags=0, TimeStamp=235991046
Event 53: MsgID=512, Time=235991046, X=164, Y=2160, MouseData=0, Flags=0, TimeStamp=235991046
Event 54: MsgID=512, Time=235991062, X=166, Y=2161, MouseData=0, Flags=0, TimeStamp=235991062
Event 55: MsgID=512, Time=235991062, X=167, Y=2159, MouseData=0, Flags=0, TimeStamp=235991062
Event 56: MsgID=512, Time=235991078, X=170, Y=2161, MouseData=0, Flags=0, TimeStamp=235991078
Event 57: MsgID=512, Time=235991078, X=172, Y=2160, MouseData=0, Flags=0, TimeStamp=235991078
Event 58: MsgID=512, Time=235991093, X=175, Y=2161, MouseData=0, Flags=0, TimeStamp=235991093
Event 59: MsgID=512, Time=235991093, X=177, Y=2160, MouseData=0, Flags=0, TimeStamp=235991093
Event 60: MsgID=512, Time=235991109, X=180, Y=2160, MouseData=0, Flags=0, TimeStamp=235991109
Event 61: MsgID=512, Time=235991109, X=183, Y=2161, MouseData=0, Flags=0, TimeStamp=235991109
Event 62: MsgID=512, Time=235991125, X=186, Y=2160, MouseData=0, Flags=0, TimeStamp=235991125
Event 63: MsgID=512, Time=235991125, X=188, Y=2159, MouseData=0, Flags=0, TimeStamp=235991125
Event 64: MsgID=512, Time=235991140, X=191, Y=2161, MouseData=0, Flags=0, TimeStamp=235991140
Event 65: MsgID=512, Time=235991140, X=195, Y=2161, MouseData=0, Flags=0, TimeStamp=235991140
Event 66: MsgID=512, Time=235991156, X=198, Y=2161, MouseData=0, Flags=0, TimeStamp=235991156
Event 67: MsgID=512, Time=235991171, X=202, Y=2161, MouseData=0, Flags=0, TimeStamp=235991171
Event 68: MsgID=512, Time=235991171, X=206, Y=2160, MouseData=0, Flags=0, TimeStamp=235991171
Event 69: MsgID=512, Time=235991187, X=209, Y=2161, MouseData=0, Flags=0, TimeStamp=235991187
Event 70: MsgID=512, Time=235991187, X=213, Y=2161, MouseData=0, Flags=0, TimeStamp=235991187
Event 71: MsgID=512, Time=235991203, X=217, Y=2161, MouseData=0, Flags=0, TimeStamp=235991203
Event 72: MsgID=512, Time=235991203, X=221, Y=2161, MouseData=0, Flags=0, TimeStamp=235991203
Event 73: MsgID=512, Time=235991218, X=227, Y=2161, MouseData=0, Flags=0, TimeStamp=235991218
Event 74: MsgID=512, Time=235991218, X=232, Y=2163, MouseData=0, Flags=0, TimeStamp=235991218
Event 75: MsgID=512, Time=235991234, X=237, Y=2162, MouseData=0, Flags=0, TimeStamp=235991234
Event 76: MsgID=512, Time=235991234, X=243, Y=2163, MouseData=0, Flags=0, TimeStamp=235991234
Event 77: MsgID=512, Time=235991250, X=248, Y=2162, MouseData=0, Flags=0, TimeStamp=235991250
Event 78: MsgID=512, Time=235991250, X=254, Y=2163, MouseData=0, Flags=0, TimeStamp=235991250
Event 79: MsgID=512, Time=235991265, X=262, Y=2162, MouseData=0, Flags=0, TimeStamp=235991265
Event 80: MsgID=512, Time=235991265, X=268, Y=2163, MouseData=0, Flags=0, TimeStamp=235991265
Event 81: MsgID=512, Time=235991281, X=275, Y=2163, MouseData=0, Flags=0, TimeStamp=235991281
Event 82: MsgID=512, Time=235991281, X=281, Y=2162, MouseData=0, Flags=0, TimeStamp=235991281
Event 83: MsgID=512, Time=235991296, X=286, Y=2161, MouseData=0, Flags=0, TimeStamp=235991296
Event 84: MsgID=512, Time=235991296, X=292, Y=2163, MouseData=0, Flags=0, TimeStamp=235991296
Event 85: MsgID=512, Time=235991312, X=296, Y=2161, MouseData=0, Flags=0, TimeStamp=235991312
Event 86: MsgID=512, Time=235991312, X=300, Y=2161, MouseData=0, Flags=0, TimeStamp=235991312
Event 87: MsgID=512, Time=235991328, X=306, Y=2162, MouseData=0, Flags=0, TimeStamp=235991328
Event 88: MsgID=512, Time=235991328, X=309, Y=2161, MouseData=0, Flags=0, TimeStamp=235991328
Event 89: MsgID=512, Time=235991343, X=313, Y=2160, MouseData=0, Flags=0, TimeStamp=235991343
Event 90: MsgID=512, Time=235991343, X=316, Y=2161, MouseData=0, Flags=0, TimeStamp=235991343
Event 91: MsgID=512, Time=235991359, X=319, Y=2161, MouseData=0, Flags=0, TimeStamp=235991359
Event 92: MsgID=512, Time=235991359, X=321, Y=2160, MouseData=0, Flags=0, TimeStamp=235991359
Event 93: MsgID=512, Time=235991375, X=324, Y=2161, MouseData=0, Flags=0, TimeStamp=235991375
Event 94: MsgID=512, Time=235991375, X=327, Y=2160, MouseData=0, Flags=0, TimeStamp=235991375
Event 95: MsgID=512, Time=235991390, X=330, Y=2160, MouseData=0, Flags=0, TimeStamp=235991390
Event 96: MsgID=512, Time=235991390, X=332, Y=2161, MouseData=0, Flags=0, TimeStamp=235991390
Event 97: MsgID=512, Time=235991406, X=335, Y=2159, MouseData=0, Flags=0, TimeStamp=235991406
Event 98: MsgID=512, Time=235991406, X=338, Y=2160, MouseData=0, Flags=0, TimeStamp=235991406
Event 99: MsgID=512, Time=235991421, X=340, Y=2160, MouseData=0, Flags=0, TimeStamp=235991421
Event 100: MsgID=512, Time=235991421, X=342, Y=2160, MouseData=0, Flags=0, TimeStamp=235991421
Event 101: MsgID=512, Time=235991437, X=344, Y=2160, MouseData=0, Flags=0, TimeStamp=235991437
Event 102: MsgID=512, Time=235991437, X=347, Y=2160, MouseData=0, Flags=0, TimeStamp=235991437
Event 103: MsgID=512, Time=235991453, X=350, Y=2161, MouseData=0, Flags=0, TimeStamp=235991453
Event 104: MsgID=512, Time=235991453, X=353, Y=2160, MouseData=0, Flags=0, TimeStamp=235991453
Event 105: MsgID=512, Time=235991468, X=356, Y=2161, MouseData=0, Flags=0, TimeStamp=235991468
Event 106: MsgID=512, Time=235991468, X=359, Y=2160, MouseData=0, Flags=0, TimeStamp=235991468
Event 107: MsgID=512, Time=235991484, X=362, Y=2159, MouseData=0, Flags=0, TimeStamp=235991484
Event 108: MsgID=512, Time=235991500, X=366, Y=2160, MouseData=0, Flags=0, TimeStamp=235991500
Event 109: MsgID=512, Time=235991500, X=368, Y=2160, MouseData=0, Flags=0, TimeStamp=235991500
Event 110: MsgID=512, Time=235991515, X=371, Y=2161, MouseData=0, Flags=0, TimeStamp=235991515
Event 111: MsgID=512, Time=235991515, X=374, Y=2160, MouseData=0, Flags=0, TimeStamp=235991515
Event 112: MsgID=512, Time=235991531, X=378, Y=2161, MouseData=0, Flags=0, TimeStamp=235991531
Event 113: MsgID=512, Time=235991531, X=381, Y=2160, MouseData=0, Flags=0, TimeStamp=235991531
Event 114: MsgID=512, Time=235991546, X=383, Y=2160, MouseData=0, Flags=0, TimeStamp=235991546
Event 115: MsgID=512, Time=235991546, X=386, Y=2161, MouseData=0, Flags=0, TimeStamp=235991546
Event 116: MsgID=512, Time=235991562, X=388, Y=2160, MouseData=0, Flags=0, TimeStamp=235991562
Event 117: MsgID=512, Time=235991562, X=391, Y=2160, MouseData=0, Flags=0, TimeStamp=235991562
Event 118: MsgID=512, Time=235991578, X=392, Y=2159, MouseData=0, Flags=0, TimeStamp=235991578
Event 119: MsgID=512, Time=235991578, X=395, Y=2160, MouseData=0, Flags=0, TimeStamp=235991578
Event 120: MsgID=512, Time=235991593, X=397, Y=2160, MouseData=0, Flags=0, TimeStamp=235991593
Event 121: MsgID=512, Time=235991593, X=400, Y=2160, MouseData=0, Flags=0, TimeStamp=235991593
Event 122: MsgID=512, Time=235991609, X=402, Y=2160, MouseData=0, Flags=0, TimeStamp=235991609
Event 123: MsgID=512, Time=235991609, X=404, Y=2160, MouseData=0, Flags=0, TimeStamp=235991609
Event 124: MsgID=512, Time=235991625, X=406, Y=2159, MouseData=0, Flags=0, TimeStamp=235991625
Event 125: MsgID=512, Time=235991625, X=407, Y=2160, MouseData=0, Flags=0, TimeStamp=235991625
Event 126: MsgID=512, Time=235991640, X=409, Y=2160, MouseData=0, Flags=0, TimeStamp=235991640
Event 127: MsgID=512, Time=235991640, X=412, Y=2159, MouseData=0, Flags=0, TimeStamp=235991640
version = 1
startTime = 2025-12-13 08:59:06.344
screenWidth = 1920
screenHeight = 1080
----------------------------------------
Event 0: MsgID=512, Time=236022062, X=512, Y=512, MouseData=512, Flags=0, TimeStamp=236022062
Event 1: MsgID=512, Time=236022062, X=-1, Y=2158, MouseData=0, Flags=0, TimeStamp=236022062
Event 2: MsgID=512, Time=236022078, X=-1, Y=2157, MouseData=0, Flags=0, TimeStamp=236022078
Event 3: MsgID=512, Time=236022093, X=-3, Y=2154, MouseData=0, Flags=0, TimeStamp=236022093
Event 4: MsgID=512, Time=236022093, X=-4, Y=2150, MouseData=0, Flags=0, TimeStamp=236022093
Event 5: MsgID=512, Time=236022109, X=-4, Y=2147, MouseData=0, Flags=0, TimeStamp=236022109
Event 6: MsgID=512, Time=236022109, X=-4, Y=2144, MouseData=0, Flags=0, TimeStamp=236022109
Event 7: MsgID=512, Time=236022125, X=-3, Y=2141, MouseData=0, Flags=0, TimeStamp=236022125
Event 8: MsgID=512, Time=236022125, X=-2, Y=2138, MouseData=0, Flags=0, TimeStamp=236022125
Event 9: MsgID=512, Time=236022140, X=-3, Y=2136, MouseData=0, Flags=0, TimeStamp=236022140
Event 10: MsgID=512, Time=236022140, X=-2, Y=2133, MouseData=0, Flags=0, TimeStamp=236022140
Event 11: MsgID=512, Time=236022156, X=-1, Y=2131, MouseData=0, Flags=0, TimeStamp=236022156
Event 12: MsgID=512, Time=236022156, X=-2, Y=2129, MouseData=0, Flags=0, TimeStamp=236022156
Event 13: MsgID=512, Time=236022171, X=-2, Y=2127, MouseData=0, Flags=0, TimeStamp=236022171
Event 14: MsgID=512, Time=236022171, X=-2, Y=2124, MouseData=0, Flags=0, TimeStamp=236022171
Event 15: MsgID=512, Time=236022187, X=-2, Y=2121, MouseData=0, Flags=0, TimeStamp=236022187
Event 16: MsgID=512, Time=236022187, X=-1, Y=2119, MouseData=0, Flags=0, TimeStamp=236022187
Event 17: MsgID=512, Time=236022203, X=-2, Y=2115, MouseData=0, Flags=0, TimeStamp=236022203
Event 18: MsgID=512, Time=236022203, X=-1, Y=2112, MouseData=0, Flags=0, TimeStamp=236022203
Event 19: MsgID=512, Time=236022218, X=-2, Y=2108, MouseData=0, Flags=0, TimeStamp=236022218
Event 20: MsgID=512, Time=236022218, X=-2, Y=2104, MouseData=0, Flags=0, TimeStamp=236022218
Event 21: MsgID=512, Time=236022234, X=-1, Y=2100, MouseData=0, Flags=0, TimeStamp=236022234
Event 22: MsgID=512, Time=236022234, X=-2, Y=2094, MouseData=0, Flags=0, TimeStamp=236022234
Event 23: MsgID=512, Time=236022250, X=-2, Y=2090, MouseData=0, Flags=0, TimeStamp=236022250
Event 24: MsgID=512, Time=236022250, X=-2, Y=2086, MouseData=0, Flags=0, TimeStamp=236022250
Event 25: MsgID=512, Time=236022265, X=-2, Y=2082, MouseData=0, Flags=0, TimeStamp=236022265
Event 26: MsgID=512, Time=236022265, X=-2, Y=2078, MouseData=0, Flags=0, TimeStamp=236022265
Event 27: MsgID=512, Time=236022281, X=-2, Y=2074, MouseData=0, Flags=0, TimeStamp=236022281
Event 28: MsgID=512, Time=236022281, X=-2, Y=2069, MouseData=0, Flags=0, TimeStamp=236022281
Event 29: MsgID=512, Time=236022296, X=-1, Y=2066, MouseData=0, Flags=0, TimeStamp=236022296
Event 30: MsgID=512, Time=236022296, X=-2, Y=2063, MouseData=0, Flags=0, TimeStamp=236022296
Event 31: MsgID=512, Time=236022312, X=-2, Y=2057, MouseData=0, Flags=0, TimeStamp=236022312
Event 32: MsgID=512, Time=236022312, X=-2, Y=2053, MouseData=0, Flags=0, TimeStamp=236022312
Event 33: MsgID=512, Time=236022328, X=-2, Y=2049, MouseData=0, Flags=0, TimeStamp=236022328
Event 34: MsgID=512, Time=236022328, X=-4, Y=2043, MouseData=0, Flags=0, TimeStamp=236022328
Event 35: MsgID=512, Time=236022343, X=-2, Y=2038, MouseData=0, Flags=0, TimeStamp=236022343
Event 36: MsgID=512, Time=236022343, X=-2, Y=2032, MouseData=0, Flags=0, TimeStamp=236022343
Event 37: MsgID=512, Time=236022359, X=-2, Y=2028, MouseData=0, Flags=0, TimeStamp=236022359
Event 38: MsgID=512, Time=236022359, X=-3, Y=2022, MouseData=0, Flags=0, TimeStamp=236022359
Event 39: MsgID=512, Time=236022375, X=-2, Y=2017, MouseData=0, Flags=0, TimeStamp=236022375
Event 40: MsgID=512, Time=236022375, X=-2, Y=2011, MouseData=0, Flags=0, TimeStamp=236022375
Event 41: MsgID=512, Time=236022390, X=-3, Y=2004, MouseData=0, Flags=0, TimeStamp=236022390
Event 42: MsgID=512, Time=236022390, X=-2, Y=1998, MouseData=0, Flags=0, TimeStamp=236022390
Event 43: MsgID=512, Time=236022406, X=-2, Y=1992, MouseData=0, Flags=0, TimeStamp=236022406
Event 44: MsgID=512, Time=236022406, X=-2, Y=1988, MouseData=0, Flags=0, TimeStamp=236022406
Event 45: MsgID=512, Time=236022421, X=-2, Y=1983, MouseData=0, Flags=0, TimeStamp=236022421
Event 46: MsgID=512, Time=236022437, X=-3, Y=1977, MouseData=0, Flags=0, TimeStamp=236022437
Event 47: MsgID=512, Time=236022437, X=-2, Y=1971, MouseData=0, Flags=0, TimeStamp=236022437
Event 48: MsgID=512, Time=236022437, X=-2, Y=1964, MouseData=0, Flags=0, TimeStamp=236022437
Event 49: MsgID=512, Time=236022453, X=-3, Y=1959, MouseData=0, Flags=0, TimeStamp=236022453
Event 50: MsgID=512, Time=236022468, X=-2, Y=1953, MouseData=0, Flags=0, TimeStamp=236022468
Event 51: MsgID=512, Time=236022468, X=-4, Y=1946, MouseData=0, Flags=0, TimeStamp=236022468
Event 52: MsgID=512, Time=236022484, X=-2, Y=1940, MouseData=0, Flags=0, TimeStamp=236022484
Event 53: MsgID=512, Time=236022484, X=-4, Y=1931, MouseData=0, Flags=0, TimeStamp=236022484
Event 54: MsgID=512, Time=236022500, X=-3, Y=1924, MouseData=0, Flags=0, TimeStamp=236022500
Event 55: MsgID=512, Time=236022500, X=-3, Y=1916, MouseData=0, Flags=0, TimeStamp=236022500
Event 56: MsgID=512, Time=236022515, X=-3, Y=1909, MouseData=0, Flags=0, TimeStamp=236022515
Event 57: MsgID=512, Time=236022515, X=-4, Y=1903, MouseData=0, Flags=0, TimeStamp=236022515
Event 58: MsgID=512, Time=236022531, X=-2, Y=1898, MouseData=0, Flags=0, TimeStamp=236022531
Event 59: MsgID=512, Time=236022531, X=-3, Y=1892, MouseData=0, Flags=0, TimeStamp=236022531
Event 60: MsgID=512, Time=236022546, X=-3, Y=1888, MouseData=0, Flags=0, TimeStamp=236022546
Event 61: MsgID=512, Time=236022546, X=-2, Y=1882, MouseData=0, Flags=0, TimeStamp=236022546
Event 62: MsgID=512, Time=236022562, X=-4, Y=1876, MouseData=0, Flags=0, TimeStamp=236022562
Event 63: MsgID=512, Time=236022562, X=-2, Y=1870, MouseData=0, Flags=0, TimeStamp=236022562
Event 64: MsgID=512, Time=236022578, X=-3, Y=1865, MouseData=0, Flags=0, TimeStamp=236022578
Event 65: MsgID=512, Time=236022578, X=-3, Y=1859, MouseData=0, Flags=0, TimeStamp=236022578
Event 66: MsgID=512, Time=236022593, X=-2, Y=1852, MouseData=0, Flags=0, TimeStamp=236022593
Event 67: MsgID=512, Time=236022593, X=-4, Y=1844, MouseData=0, Flags=0, TimeStamp=236022593
Event 68: MsgID=512, Time=236022609, X=-2, Y=1837, MouseData=0, Flags=0, TimeStamp=236022609
Event 69: MsgID=512, Time=236022609, X=-4, Y=1830, MouseData=0, Flags=0, TimeStamp=236022609
Event 70: MsgID=512, Time=236022625, X=-4, Y=1821, MouseData=0, Flags=0, TimeStamp=236022625
Event 71: MsgID=512, Time=236022625, X=-3, Y=1813, MouseData=0, Flags=0, TimeStamp=236022625
Event 72: MsgID=512, Time=236022640, X=-5, Y=1804, MouseData=0, Flags=0, TimeStamp=236022640
Event 73: MsgID=512, Time=236022640, X=-4, Y=1795, MouseData=0, Flags=0, TimeStamp=236022640
Event 74: MsgID=512, Time=236022656, X=-4, Y=1786, MouseData=0, Flags=0, TimeStamp=236022656
Event 75: MsgID=512, Time=236022656, X=-4, Y=1778, MouseData=0, Flags=0, TimeStamp=236022656
Event 76: MsgID=512, Time=236022671, X=-4, Y=1769, MouseData=0, Flags=0, TimeStamp=236022671
Event 77: MsgID=512, Time=236022671, X=-4, Y=1760, MouseData=0, Flags=0, TimeStamp=236022671
Event 78: MsgID=512, Time=236022687, X=-3, Y=1751, MouseData=0, Flags=0, TimeStamp=236022687
Event 79: MsgID=512, Time=236022687, X=-4, Y=1743, MouseData=0, Flags=0, TimeStamp=236022687
Event 80: MsgID=512, Time=236022703, X=-3, Y=1735, MouseData=0, Flags=0, TimeStamp=236022703
Event 81: MsgID=512, Time=236022703, X=-3, Y=1727, MouseData=0, Flags=0, TimeStamp=236022703
Event 82: MsgID=512, Time=236022718, X=-3, Y=1718, MouseData=0, Flags=0, TimeStamp=236022718
Event 83: MsgID=512, Time=236022718, X=-2, Y=1711, MouseData=0, Flags=0, TimeStamp=236022718
Event 84: MsgID=512, Time=236022734, X=-3, Y=1702, MouseData=0, Flags=0, TimeStamp=236022734
Event 85: MsgID=512, Time=236022750, X=-3, Y=1695, MouseData=0, Flags=0, TimeStamp=236022750
Event 86: MsgID=512, Time=236022750, X=-3, Y=1686, MouseData=0, Flags=0, TimeStamp=236022750
Event 87: MsgID=512, Time=236022765, X=-2, Y=1679, MouseData=0, Flags=0, TimeStamp=236022765
Event 88: MsgID=512, Time=236022765, X=-3, Y=1672, MouseData=0, Flags=0, TimeStamp=236022765
Event 89: MsgID=512, Time=236022781, X=-2, Y=1665, MouseData=0, Flags=0, TimeStamp=236022781
Event 90: MsgID=512, Time=236022781, X=-2, Y=1659, MouseData=0, Flags=0, TimeStamp=236022781
Event 91: MsgID=512, Time=236022796, X=-3, Y=1652, MouseData=0, Flags=0, TimeStamp=236022796
Event 92: MsgID=512, Time=236022796, X=-2, Y=1646, MouseData=0, Flags=0, TimeStamp=236022796
Event 93: MsgID=512, Time=236022812, X=-1, Y=1639, MouseData=0, Flags=0, TimeStamp=236022812
Event 94: MsgID=512, Time=236022812, X=-3, Y=1632, MouseData=0, Flags=0, TimeStamp=236022812
Event 95: MsgID=512, Time=236022828, X=-1, Y=1627, MouseData=0, Flags=0, TimeStamp=236022828
Event 96: MsgID=512, Time=236022828, X=-1, Y=1620, MouseData=0, Flags=0, TimeStamp=236022828
Event 97: MsgID=512, Time=236022843, X=-1, Y=1614, MouseData=0, Flags=0, TimeStamp=236022843
Event 98: MsgID=512, Time=236022843, X=-1, Y=1609, MouseData=0, Flags=0, TimeStamp=236022843
Event 99: MsgID=512, Time=236022859, X=-1, Y=1603, MouseData=0, Flags=0, TimeStamp=236022859
Event 100: MsgID=512, Time=236022859, X=-1, Y=1598, MouseData=0, Flags=0, TimeStamp=236022859
Event 101: MsgID=512, Time=236022875, X=-1, Y=1591, MouseData=0, Flags=0, TimeStamp=236022875
Event 102: MsgID=512, Time=236022875, X=-1, Y=1585, MouseData=0, Flags=0, TimeStamp=236022875
Event 103: MsgID=512, Time=236022890, X=-3, Y=1578, MouseData=0, Flags=0, TimeStamp=236022890
Event 104: MsgID=512, Time=236022890, X=-1, Y=1573, MouseData=0, Flags=0, TimeStamp=236022890
Event 105: MsgID=512, Time=236022906, X=-1, Y=1566, MouseData=0, Flags=0, TimeStamp=236022906
Event 106: MsgID=512, Time=236022906, X=-1, Y=1559, MouseData=0, Flags=0, TimeStamp=236022906
Event 107: MsgID=512, Time=236022921, X=-1, Y=1552, MouseData=0, Flags=0, TimeStamp=236022921
Event 108: MsgID=512, Time=236022921, X=-3, Y=1545, MouseData=0, Flags=0, TimeStamp=236022921
Event 109: MsgID=512, Time=236022937, X=-1, Y=1536, MouseData=0, Flags=0, TimeStamp=236022937
Event 110: MsgID=512, Time=236022937, X=-2, Y=1529, MouseData=0, Flags=0, TimeStamp=236022937
Event 111: MsgID=512, Time=236022953, X=-2, Y=1522, MouseData=0, Flags=0, TimeStamp=236022953
Event 112: MsgID=512, Time=236022953, X=-2, Y=1515, MouseData=0, Flags=0, TimeStamp=236022953
Event 113: MsgID=512, Time=236022968, X=-1, Y=1508, MouseData=0, Flags=0, TimeStamp=236022968
Event 114: MsgID=512, Time=236022968, X=-3, Y=1499, MouseData=0, Flags=0, TimeStamp=236022968
Event 115: MsgID=512, Time=236022984, X=-1, Y=1492, MouseData=0, Flags=0, TimeStamp=236022984
Event 116: MsgID=512, Time=236022984, X=-2, Y=1485, MouseData=0, Flags=0, TimeStamp=236022984
Event 117: MsgID=512, Time=236023000, X=-3, Y=1479, MouseData=0, Flags=0, TimeStamp=236023000
Event 118: MsgID=512, Time=236023000, X=-2, Y=1472, MouseData=0, Flags=0, TimeStamp=236023000
Event 119: MsgID=512, Time=236023015, X=-2, Y=1464, MouseData=0, Flags=0, TimeStamp=236023015
Event 120: MsgID=512, Time=236023015, X=-2, Y=1457, MouseData=0, Flags=0, TimeStamp=236023015
Event 121: MsgID=512, Time=236023031, X=-2, Y=1452, MouseData=0, Flags=0, TimeStamp=236023031
Event 122: MsgID=512, Time=236023031, X=-2, Y=1445, MouseData=0, Flags=0, TimeStamp=236023031
Event 123: MsgID=512, Time=236023046, X=-1, Y=1439, MouseData=0, Flags=0, TimeStamp=236023046
Event 124: MsgID=512, Time=236023046, X=-3, Y=1432, MouseData=0, Flags=0, TimeStamp=236023046
Event 125: MsgID=512, Time=236023062, X=-2, Y=1426, MouseData=0, Flags=0, TimeStamp=236023062
Event 126: MsgID=512, Time=236023062, X=-1, Y=1419, MouseData=0, Flags=0, TimeStamp=236023062
Event 127: MsgID=512, Time=236023078, X=-2, Y=1414, MouseData=0, Flags=0, TimeStamp=236023078
version = 1
startTime = 2025-12-13 08:59:51.509
screenWidth = 1920
screenHeight = 1080
----------------------------------------
Event 0: MsgID=512, Time=236049437, X=512, Y=512, MouseData=512, Flags=0, TimeStamp=236049437
Event 1: MsgID=512, Time=236049437, X=697, Y=2063, MouseData=0, Flags=0, TimeStamp=236049437
Event 2: MsgID=512, Time=236049453, X=697, Y=2058, MouseData=0, Flags=0, TimeStamp=236049453
Event 3: MsgID=512, Time=236049453, X=697, Y=2047, MouseData=0, Flags=0, TimeStamp=236049453
Event 4: MsgID=512, Time=236049468, X=697, Y=2030, MouseData=0, Flags=0, TimeStamp=236049468
Event 5: MsgID=512, Time=236049468, X=697, Y=2014, MouseData=0, Flags=0, TimeStamp=236049468
Event 6: MsgID=512, Time=236049484, X=697, Y=1996, MouseData=0, Flags=0, TimeStamp=236049484
Event 7: MsgID=512, Time=236049484, X=697, Y=1979, MouseData=0, Flags=0, TimeStamp=236049484
Event 8: MsgID=512, Time=236049500, X=697, Y=1967, MouseData=0, Flags=0, TimeStamp=236049500
Event 9: MsgID=512, Time=236049500, X=698, Y=1957, MouseData=0, Flags=0, TimeStamp=236049500
Event 10: MsgID=512, Time=236049515, X=698, Y=1952, MouseData=0, Flags=0, TimeStamp=236049515
Event 11: MsgID=512, Time=236049515, X=699, Y=1949, MouseData=0, Flags=0, TimeStamp=236049515
Event 12: MsgID=512, Time=236049531, X=699, Y=1948, MouseData=0, Flags=0, TimeStamp=236049531
Event 13: MsgID=522, Time=236050296, X=699, Y=1948, MouseData=4287102976, Flags=0, TimeStamp=236050296
Event 14: MsgID=522, Time=236050328, X=699, Y=1948, MouseData=4287102976, Flags=0, TimeStamp=236050328
Event 15: MsgID=512, Time=236050343, X=699, Y=1948, MouseData=0, Flags=0, TimeStamp=236050343
Event 16: MsgID=512, Time=236050359, X=699, Y=1949, MouseData=0, Flags=0, TimeStamp=236050359
Event 17: MsgID=512, Time=236050359, X=699, Y=1949, MouseData=0, Flags=0, TimeStamp=236050359
Event 18: MsgID=522, Time=236050359, X=699, Y=1949, MouseData=4287102976, Flags=0, TimeStamp=236050359
Event 19: MsgID=512, Time=236050375, X=699, Y=1950, MouseData=0, Flags=0, TimeStamp=236050375
Event 20: MsgID=512, Time=236050390, X=699, Y=1951, MouseData=0, Flags=0, TimeStamp=236050390
Event 21: MsgID=512, Time=236050406, X=699, Y=1952, MouseData=0, Flags=0, TimeStamp=236050406
Event 22: MsgID=512, Time=236050421, X=699, Y=1952, MouseData=0, Flags=0, TimeStamp=236050421
Event 23: MsgID=522, Time=236050468, X=699, Y=1952, MouseData=4287102976, Flags=0, TimeStamp=236050468
Event 24: MsgID=522, Time=236050843, X=699, Y=1952, MouseData=4287102976, Flags=0, TimeStamp=236050843
Event 25: MsgID=522, Time=236050875, X=699, Y=1952, MouseData=4287102976, Flags=0, TimeStamp=236050875
Event 26: MsgID=512, Time=236050890, X=699, Y=1953, MouseData=0, Flags=0, TimeStamp=236050890
Event 27: MsgID=512, Time=236050890, X=699, Y=1954, MouseData=0, Flags=0, TimeStamp=236050890
Event 28: MsgID=512, Time=236050921, X=699, Y=1954, MouseData=0, Flags=0, TimeStamp=236050921
Event 29: MsgID=512, Time=236050921, X=699, Y=1955, MouseData=0, Flags=0, TimeStamp=236050921
Event 30: MsgID=522, Time=236050921, X=699, Y=1955, MouseData=4287102976, Flags=0, TimeStamp=236050921
Event 31: MsgID=512, Time=236050937, X=699, Y=1956, MouseData=0, Flags=0, TimeStamp=236050937
Event 32: MsgID=522, Time=236051359, X=699, Y=1956, MouseData=4287102976, Flags=0, TimeStamp=236051359
Event 33: MsgID=522, Time=236051390, X=699, Y=1956, MouseData=4287102976, Flags=0, TimeStamp=236051390
Event 34: MsgID=522, Time=236051421, X=699, Y=1956, MouseData=4287102976, Flags=0, TimeStamp=236051421
Event 35: MsgID=522, Time=236051843, X=699, Y=1956, MouseData=4287102976, Flags=0, TimeStamp=236051843
Event 36: MsgID=522, Time=236051875, X=699, Y=1956, MouseData=4287102976, Flags=0, TimeStamp=236051875
Event 37: MsgID=522, Time=236051937, X=699, Y=1956, MouseData=4287102976, Flags=0, TimeStamp=236051937
Event 38: MsgID=522, Time=236052062, X=699, Y=1956, MouseData=4287102976, Flags=0, TimeStamp=236052062
Event 39: MsgID=522, Time=236052312, X=699, Y=1956, MouseData=7864320, Flags=0, TimeStamp=236052312
Event 40: MsgID=522, Time=236052343, X=699, Y=1956, MouseData=7864320, Flags=0, TimeStamp=236052343
Event 41: MsgID=522, Time=236052375, X=699, Y=1956, MouseData=7864320, Flags=0, TimeStamp=236052375
Event 42: MsgID=522, Time=236052406, X=699, Y=1956, MouseData=7864320, Flags=0, TimeStamp=236052406
Event 43: MsgID=522, Time=236052453, X=699, Y=1956, MouseData=7864320, Flags=0, TimeStamp=236052453
Event 44: MsgID=522, Time=236053000, X=699, Y=1956, MouseData=4287102976, Flags=0, TimeStamp=236053000
Event 45: MsgID=522, Time=236053031, X=699, Y=1956, MouseData=4287102976, Flags=0, TimeStamp=236053031
Event 46: MsgID=522, Time=236053062, X=699, Y=1956, MouseData=4287102976, Flags=0, TimeStamp=236053062
Event 47: MsgID=522, Time=236053093, X=699, Y=1956, MouseData=4287102976, Flags=0, TimeStamp=236053093
Event 48: MsgID=522, Time=236053140, X=699, Y=1956, MouseData=4287102976, Flags=0, TimeStamp=236053140
Event 49: MsgID=522, Time=236053796, X=699, Y=1956, MouseData=7864320, Flags=0, TimeStamp=236053796
Event 50: MsgID=522, Time=236053828, X=699, Y=1956, MouseData=7864320, Flags=0, TimeStamp=236053828
Event 51: MsgID=522, Time=236054046, X=699, Y=1956, MouseData=4287102976, Flags=0, TimeStamp=236054046
Event 52: MsgID=522, Time=236054078, X=699, Y=1956, MouseData=4287102976, Flags=0, TimeStamp=236054078
Event 53: MsgID=522, Time=236054625, X=699, Y=1956, MouseData=7864320, Flags=0, TimeStamp=236054625
Event 54: MsgID=522, Time=236054656, X=699, Y=1956, MouseData=7864320, Flags=0, TimeStamp=236054656
Event 55: MsgID=522, Time=236054734, X=699, Y=1956, MouseData=7864320, Flags=0, TimeStamp=236054734
Event 56: MsgID=522, Time=236055000, X=699, Y=1956, MouseData=4287102976, Flags=0, TimeStamp=236055000
Event 57: MsgID=522, Time=236055031, X=699, Y=1956, MouseData=4287102976, Flags=0, TimeStamp=236055031
Event 58: MsgID=522, Time=236055046, X=699, Y=1956, MouseData=4287102976, Flags=0, TimeStamp=236055046
Event 59: MsgID=522, Time=236055078, X=699, Y=1956, MouseData=4287102976, Flags=0, TimeStamp=236055078
Event 60: MsgID=522, Time=236055125, X=699, Y=1956, MouseData=4287102976, Flags=0, TimeStamp=236055125
Event 61: MsgID=522, Time=236055578, X=699, Y=1956, MouseData=7864320, Flags=0, TimeStamp=236055578
Event 62: MsgID=522, Time=236055593, X=699, Y=1956, MouseData=7864320, Flags=0, TimeStamp=236055593
Event 63: MsgID=522, Time=236055640, X=699, Y=1956, MouseData=7864320, Flags=0, TimeStamp=236055640
Event 64: MsgID=522, Time=236055796, X=699, Y=1956, MouseData=4287102976, Flags=0, TimeStamp=236055796
Event 65: MsgID=522, Time=236055828, X=699, Y=1956, MouseData=4287102976, Flags=0, TimeStamp=236055828
Event 66: MsgID=522, Time=236055859, X=699, Y=1956, MouseData=4287102976, Flags=0, TimeStamp=236055859
Event 67: MsgID=522, Time=236056687, X=699, Y=1956, MouseData=7864320, Flags=0, TimeStamp=236056687
Event 68: MsgID=522, Time=236056718, X=699, Y=1956, MouseData=7864320, Flags=0, TimeStamp=236056718
Event 69: MsgID=522, Time=236056765, X=699, Y=1956, MouseData=7864320, Flags=0, TimeStamp=236056765
Event 70: MsgID=522, Time=236056953, X=699, Y=1956, MouseData=4287102976, Flags=0, TimeStamp=236056953
Event 71: MsgID=522, Time=236056968, X=699, Y=1956, MouseData=4287102976, Flags=0, TimeStamp=236056968
Event 72: MsgID=522, Time=236057000, X=699, Y=1956, MouseData=4287102976, Flags=0, TimeStamp=236057000
Event 73: MsgID=522, Time=236057031, X=699, Y=1956, MouseData=4287102976, Flags=0, TimeStamp=236057031
Event 74: MsgID=522, Time=236057062, X=699, Y=1956, MouseData=4287102976, Flags=0, TimeStamp=236057062
Event 75: MsgID=522, Time=236057312, X=699, Y=1956, MouseData=7864320, Flags=0, TimeStamp=236057312
Event 76: MsgID=522, Time=236057359, X=699, Y=1956, MouseData=7864320, Flags=0, TimeStamp=236057359
Event 77: MsgID=522, Time=236057406, X=699, Y=1956, MouseData=7864320, Flags=0, TimeStamp=236057406
Event 78: MsgID=522, Time=236057468, X=699, Y=1956, MouseData=7864320, Flags=0, TimeStamp=236057468
Event 79: MsgID=522, Time=236057671, X=699, Y=1956, MouseData=4287102976, Flags=0, TimeStamp=236057671
Event 80: MsgID=522, Time=236057703, X=699, Y=1956, MouseData=4287102976, Flags=0, TimeStamp=236057703
Event 81: MsgID=522, Time=236057718, X=699, Y=1956, MouseData=4287102976, Flags=0, TimeStamp=236057718
Event 82: MsgID=522, Time=236057765, X=699, Y=1956, MouseData=4287102976, Flags=0, TimeStamp=236057765
Event 83: MsgID=522, Time=236058000, X=699, Y=1956, MouseData=7864320, Flags=0, TimeStamp=236058000
Event 84: MsgID=522, Time=236058031, X=699, Y=1956, MouseData=7864320, Flags=0, TimeStamp=236058031
Event 85: MsgID=522, Time=236058046, X=699, Y=1956, MouseData=7864320, Flags=0, TimeStamp=236058046
Event 86: MsgID=522, Time=236058109, X=699, Y=1956, MouseData=7864320, Flags=0, TimeStamp=236058109
Event 87: MsgID=522, Time=236058296, X=699, Y=1956, MouseData=4287102976, Flags=0, TimeStamp=236058296
Event 88: MsgID=522, Time=236058328, X=699, Y=1956, MouseData=4287102976, Flags=0, TimeStamp=236058328
Event 89: MsgID=522, Time=236058359, X=699, Y=1956, MouseData=4287102976, Flags=0, TimeStamp=236058359
Event 90: MsgID=522, Time=236058390, X=699, Y=1956, MouseData=4287102976, Flags=0, TimeStamp=236058390
Event 91: MsgID=522, Time=236058687, X=699, Y=1956, MouseData=7864320, Flags=0, TimeStamp=236058687
Event 92: MsgID=522, Time=236058718, X=699, Y=1956, MouseData=7864320, Flags=0, TimeStamp=236058718
Event 93: MsgID=522, Time=236058734, X=699, Y=1956, MouseData=7864320, Flags=0, TimeStamp=236058734
Event 94: MsgID=522, Time=236058750, X=699, Y=1956, MouseData=7864320, Flags=0, TimeStamp=236058750
Event 95: MsgID=522, Time=236058812, X=699, Y=1956, MouseData=7864320, Flags=0, TimeStamp=236058812
Event 96: MsgID=522, Time=236059046, X=699, Y=1956, MouseData=4287102976, Flags=0, TimeStamp=236059046
Event 97: MsgID=522, Time=236059078, X=699, Y=1956, MouseData=4287102976, Flags=0, TimeStamp=236059078
Event 98: MsgID=522, Time=236059109, X=699, Y=1956, MouseData=4287102976, Flags=0, TimeStamp=236059109
Event 99: MsgID=522, Time=236059140, X=699, Y=1956, MouseData=4287102976, Flags=0, TimeStamp=236059140
Event 100: MsgID=522, Time=236059171, X=699, Y=1956, MouseData=4287102976, Flags=0, TimeStamp=236059171
Event 101: MsgID=522, Time=236059437, X=699, Y=1956, MouseData=7864320, Flags=0, TimeStamp=236059437
Event 102: MsgID=522, Time=236059453, X=699, Y=1956, MouseData=7864320, Flags=0, TimeStamp=236059453
Event 103: MsgID=522, Time=236059468, X=699, Y=1956, MouseData=7864320, Flags=0, TimeStamp=236059468
Event 104: MsgID=522, Time=236059484, X=699, Y=1956, MouseData=7864320, Flags=0, TimeStamp=236059484
Event 105: MsgID=522, Time=236059546, X=699, Y=1956, MouseData=7864320, Flags=0, TimeStamp=236059546
Event 106: MsgID=522, Time=236059687, X=699, Y=1956, MouseData=4287102976, Flags=0, TimeStamp=236059687
Event 107: MsgID=522, Time=236059718, X=699, Y=1956, MouseData=4287102976, Flags=0, TimeStamp=236059718
Event 108: MsgID=522, Time=236059750, X=699, Y=1956, MouseData=4287102976, Flags=0, TimeStamp=236059750
Event 109: MsgID=512, Time=236059765, X=698, Y=1957, MouseData=0, Flags=0, TimeStamp=236059765
Event 110: MsgID=522, Time=236059765, X=698, Y=1957, MouseData=4287102976, Flags=0, TimeStamp=236059765
Event 111: MsgID=512, Time=236059781, X=698, Y=1957, MouseData=0, Flags=0, TimeStamp=236059781
Event 112: MsgID=512, Time=236059796, X=697, Y=1958, MouseData=0, Flags=0, TimeStamp=236059796
Event 113: MsgID=512, Time=236059812, X=697, Y=1959, MouseData=0, Flags=0, TimeStamp=236059812
Event 114: MsgID=512, Time=236059812, X=697, Y=1959, MouseData=0, Flags=0, TimeStamp=236059812
Event 115: MsgID=522, Time=236059812, X=697, Y=1959, MouseData=4287102976, Flags=0, TimeStamp=236059812
Event 116: MsgID=512, Time=236059828, X=697, Y=1960, MouseData=0, Flags=0, TimeStamp=236059828
Event 117: MsgID=512, Time=236059875, X=697, Y=1961, MouseData=0, Flags=0, TimeStamp=236059875
Event 118: MsgID=522, Time=236059968, X=697, Y=1961, MouseData=4287102976, Flags=0, TimeStamp=236059968
Event 119: MsgID=522, Time=236060250, X=697, Y=1961, MouseData=7864320, Flags=0, TimeStamp=236060250
Event 120: MsgID=522, Time=236060281, X=697, Y=1961, MouseData=7864320, Flags=0, TimeStamp=236060281
Event 121: MsgID=522, Time=236060296, X=697, Y=1961, MouseData=7864320, Flags=0, TimeStamp=236060296
Event 122: MsgID=522, Time=236060328, X=697, Y=1961, MouseData=7864320, Flags=0, TimeStamp=236060328
Event 123: MsgID=522, Time=236060359, X=697, Y=1961, MouseData=7864320, Flags=0, TimeStamp=236060359
Event 124: MsgID=522, Time=236060609, X=697, Y=1961, MouseData=4287102976, Flags=0, TimeStamp=236060609
Event 125: MsgID=522, Time=236060640, X=697, Y=1961, MouseData=4287102976, Flags=0, TimeStamp=236060640
Event 126: MsgID=522, Time=236060671, X=697, Y=1961, MouseData=4287102976, Flags=0, TimeStamp=236060671
Event 127: MsgID=522, Time=236060703, X=697, Y=1961, MouseData=4287102976, Flags=0, TimeStamp=236060703
version = 1
startTime = 2025-12-13 09:04:13.634
screenWidth = 1920
screenHeight = 1080
----------------------------------------
Event 0: MsgID=513, Time=236328390, X=512, Y=512, MouseData=0, Flags=0, TimeStamp=236328390
Event 1: MsgID=512, Time=236328718, X=673, Y=2076, MouseData=0, Flags=0, TimeStamp=236328718
Event 2: MsgID=512, Time=236328718, X=674, Y=2076, MouseData=0, Flags=0, TimeStamp=236328718
Event 3: MsgID=512, Time=236328734, X=675, Y=2075, MouseData=0, Flags=0, TimeStamp=236328734
Event 4: MsgID=512, Time=236328734, X=676, Y=2074, MouseData=0, Flags=0, TimeStamp=236328734
Event 5: MsgID=512, Time=236328750, X=678, Y=2072, MouseData=0, Flags=0, TimeStamp=236328750
Event 6: MsgID=512, Time=236328750, X=680, Y=2070, MouseData=0, Flags=0, TimeStamp=236328750
Event 7: MsgID=512, Time=236328765, X=681, Y=2067, MouseData=0, Flags=0, TimeStamp=236328765
Event 8: MsgID=512, Time=236328765, X=683, Y=2065, MouseData=0, Flags=0, TimeStamp=236328765
Event 9: MsgID=512, Time=236328781, X=683, Y=2062, MouseData=0, Flags=0, TimeStamp=236328781
Event 10: MsgID=512, Time=236328781, X=685, Y=2059, MouseData=0, Flags=0, TimeStamp=236328781
Event 11: MsgID=512, Time=236328796, X=687, Y=2057, MouseData=0, Flags=0, TimeStamp=236328796
Event 12: MsgID=512, Time=236328796, X=689, Y=2056, MouseData=0, Flags=0, TimeStamp=236328796
Event 13: MsgID=512, Time=236328812, X=691, Y=2054, MouseData=0, Flags=0, TimeStamp=236328812
Event 14: MsgID=512, Time=236328812, X=691, Y=2053, MouseData=0, Flags=0, TimeStamp=236328812
Event 15: MsgID=512, Time=236328828, X=693, Y=2051, MouseData=0, Flags=0, TimeStamp=236328828
Event 16: MsgID=512, Time=236328828, X=694, Y=2051, MouseData=0, Flags=0, TimeStamp=236328828
Event 17: MsgID=512, Time=236328843, X=695, Y=2049, MouseData=0, Flags=0, TimeStamp=236328843
Event 18: MsgID=512, Time=236328843, X=696, Y=2047, MouseData=0, Flags=0, TimeStamp=236328843
Event 19: MsgID=512, Time=236328859, X=698, Y=2046, MouseData=0, Flags=0, TimeStamp=236328859
Event 20: MsgID=512, Time=236328859, X=700, Y=2045, MouseData=0, Flags=0, TimeStamp=236328859
Event 21: MsgID=512, Time=236328875, X=702, Y=2042, MouseData=0, Flags=0, TimeStamp=236328875
Event 22: MsgID=512, Time=236328875, X=703, Y=2040, MouseData=0, Flags=0, TimeStamp=236328875
Event 23: MsgID=512, Time=236328890, X=705, Y=2038, MouseData=0, Flags=0, TimeStamp=236328890
Event 24: MsgID=512, Time=236328890, X=706, Y=2038, MouseData=0, Flags=0, TimeStamp=236328890
Event 25: MsgID=512, Time=236328906, X=707, Y=2036, MouseData=0, Flags=0, TimeStamp=236328906
Event 26: MsgID=512, Time=236328906, X=708, Y=2034, MouseData=0, Flags=0, TimeStamp=236328906
Event 27: MsgID=512, Time=236328921, X=710, Y=2034, MouseData=0, Flags=0, TimeStamp=236328921
Event 28: MsgID=512, Time=236328937, X=711, Y=2032, MouseData=0, Flags=0, TimeStamp=236328937
Event 29: MsgID=512, Time=236328937, X=712, Y=2030, MouseData=0, Flags=0, TimeStamp=236328937
Event 30: MsgID=512, Time=236328953, X=713, Y=2028, MouseData=0, Flags=0, TimeStamp=236328953
Event 31: MsgID=512, Time=236328953, X=714, Y=2028, MouseData=0, Flags=0, TimeStamp=236328953
Event 32: MsgID=512, Time=236328968, X=716, Y=2026, MouseData=0, Flags=0, TimeStamp=236328968
Event 33: MsgID=512, Time=236328968, X=718, Y=2024, MouseData=0, Flags=0, TimeStamp=236328968
Event 34: MsgID=512, Time=236328984, X=720, Y=2021, MouseData=0, Flags=0, TimeStamp=236328984
Event 35: MsgID=512, Time=236328984, X=722, Y=2019, MouseData=0, Flags=0, TimeStamp=236328984
Event 36: MsgID=512, Time=236329000, X=723, Y=2018, MouseData=0, Flags=0, TimeStamp=236329000
Event 37: MsgID=512, Time=236329000, X=725, Y=2017, MouseData=0, Flags=0, TimeStamp=236329000
Event 38: MsgID=512, Time=236329015, X=726, Y=2016, MouseData=0, Flags=0, TimeStamp=236329015
Event 39: MsgID=512, Time=236329015, X=726, Y=2015, MouseData=0, Flags=0, TimeStamp=236329015
Event 40: MsgID=512, Time=236329031, X=727, Y=2015, MouseData=0, Flags=0, TimeStamp=236329031
Event 41: MsgID=512, Time=236329031, X=729, Y=2014, MouseData=0, Flags=0, TimeStamp=236329031
Event 42: MsgID=512, Time=236329046, X=730, Y=2012, MouseData=0, Flags=0, TimeStamp=236329046
Event 43: MsgID=512, Time=236329046, X=730, Y=2011, MouseData=0, Flags=0, TimeStamp=236329046
Event 44: MsgID=512, Time=236329062, X=732, Y=2011, MouseData=0, Flags=0, TimeStamp=236329062
Event 45: MsgID=512, Time=236329062, X=734, Y=2010, MouseData=0, Flags=0, TimeStamp=236329062
Event 46: MsgID=512, Time=236329078, X=734, Y=2009, MouseData=0, Flags=0, TimeStamp=236329078
Event 47: MsgID=512, Time=236329078, X=736, Y=2008, MouseData=0, Flags=0, TimeStamp=236329078
Event 48: MsgID=512, Time=236329093, X=738, Y=2007, MouseData=0, Flags=0, TimeStamp=236329093
Event 49: MsgID=512, Time=236329093, X=738, Y=2005, MouseData=0, Flags=0, TimeStamp=236329093
Event 50: MsgID=512, Time=236329109, X=740, Y=2004, MouseData=0, Flags=0, TimeStamp=236329109
Event 51: MsgID=512, Time=236329109, X=741, Y=2003, MouseData=0, Flags=0, TimeStamp=236329109
Event 52: MsgID=512, Time=236329125, X=742, Y=2003, MouseData=0, Flags=0, TimeStamp=236329125
Event 53: MsgID=512, Time=236329125, X=743, Y=2002, MouseData=0, Flags=0, TimeStamp=236329125
Event 54: MsgID=512, Time=236329140, X=745, Y=2000, MouseData=0, Flags=0, TimeStamp=236329140
Event 55: MsgID=512, Time=236329140, X=745, Y=2000, MouseData=0, Flags=0, TimeStamp=236329140
Event 56: MsgID=512, Time=236329156, X=746, Y=1999, MouseData=0, Flags=0, TimeStamp=236329156
Event 57: MsgID=512, Time=236329156, X=748, Y=1998, MouseData=0, Flags=0, TimeStamp=236329156
Event 58: MsgID=512, Time=236329171, X=748, Y=1997, MouseData=0, Flags=0, TimeStamp=236329171
Event 59: MsgID=512, Time=236329171, X=750, Y=1996, MouseData=0, Flags=0, TimeStamp=236329171
Event 60: MsgID=512, Time=236329187, X=752, Y=1995, MouseData=0, Flags=0, TimeStamp=236329187
Event 61: MsgID=512, Time=236329187, X=753, Y=1993, MouseData=0, Flags=0, TimeStamp=236329187
Event 62: MsgID=512, Time=236329203, X=754, Y=1992, MouseData=0, Flags=0, TimeStamp=236329203
Event 63: MsgID=512, Time=236329203, X=756, Y=1991, MouseData=0, Flags=0, TimeStamp=236329203
Event 64: MsgID=512, Time=236329218, X=758, Y=1990, MouseData=0, Flags=0, TimeStamp=236329218
Event 65: MsgID=512, Time=236329218, X=760, Y=1988, MouseData=0, Flags=0, TimeStamp=236329218
Event 66: MsgID=512, Time=236329234, X=762, Y=1986, MouseData=0, Flags=0, TimeStamp=236329234
Event 67: MsgID=512, Time=236329234, X=765, Y=1984, MouseData=0, Flags=0, TimeStamp=236329234
Event 68: MsgID=512, Time=236329250, X=768, Y=1982, MouseData=0, Flags=0, TimeStamp=236329250
Event 69: MsgID=512, Time=236329250, X=771, Y=1979, MouseData=0, Flags=0, TimeStamp=236329250
Event 70: MsgID=512, Time=236329265, X=773, Y=1978, MouseData=0, Flags=0, TimeStamp=236329265
Event 71: MsgID=512, Time=236329265, X=775, Y=1976, MouseData=0, Flags=0, TimeStamp=236329265
Event 72: MsgID=512, Time=236329281, X=778, Y=1974, MouseData=0, Flags=0, TimeStamp=236329281
Event 73: MsgID=512, Time=236329281, X=781, Y=1972, MouseData=0, Flags=0, TimeStamp=236329281
Event 74: MsgID=512, Time=236329296, X=783, Y=1970, MouseData=0, Flags=0, TimeStamp=236329296
Event 75: MsgID=512, Time=236329296, X=785, Y=1969, MouseData=0, Flags=0, TimeStamp=236329296
Event 76: MsgID=512, Time=236329312, X=787, Y=1968, MouseData=0, Flags=0, TimeStamp=236329312
Event 77: MsgID=512, Time=236329312, X=789, Y=1967, MouseData=0, Flags=0, TimeStamp=236329312
Event 78: MsgID=512, Time=236329328, X=791, Y=1965, MouseData=0, Flags=0, TimeStamp=236329328
Event 79: MsgID=512, Time=236329328, X=792, Y=1964, MouseData=0, Flags=0, TimeStamp=236329328
Event 80: MsgID=512, Time=236329343, X=793, Y=1963, MouseData=0, Flags=0, TimeStamp=236329343
Event 81: MsgID=512, Time=236329343, X=795, Y=1962, MouseData=0, Flags=0, TimeStamp=236329343
Event 82: MsgID=512, Time=236329359, X=796, Y=1960, MouseData=0, Flags=0, TimeStamp=236329359
Event 83: MsgID=512, Time=236329375, X=797, Y=1959, MouseData=0, Flags=0, TimeStamp=236329375
Event 84: MsgID=512, Time=236329375, X=799, Y=1957, MouseData=0, Flags=0, TimeStamp=236329375
Event 85: MsgID=512, Time=236329390, X=801, Y=1957, MouseData=0, Flags=0, TimeStamp=236329390
Event 86: MsgID=512, Time=236329390, X=802, Y=1955, MouseData=0, Flags=0, TimeStamp=236329390
Event 87: MsgID=512, Time=236329406, X=803, Y=1954, MouseData=0, Flags=0, TimeStamp=236329406
Event 88: MsgID=512, Time=236329406, X=804, Y=1953, MouseData=0, Flags=0, TimeStamp=236329406
Event 89: MsgID=512, Time=236329421, X=806, Y=1953, MouseData=0, Flags=0, TimeStamp=236329421
Event 90: MsgID=512, Time=236329421, X=808, Y=1951, MouseData=0, Flags=0, TimeStamp=236329421
Event 91: MsgID=512, Time=236329437, X=809, Y=1949, MouseData=0, Flags=0, TimeStamp=236329437
Event 92: MsgID=512, Time=236329437, X=812, Y=1948, MouseData=0, Flags=0, TimeStamp=236329437
Event 93: MsgID=512, Time=236329453, X=814, Y=1946, MouseData=0, Flags=0, TimeStamp=236329453
Event 94: MsgID=512, Time=236329453, X=817, Y=1944, MouseData=0, Flags=0, TimeStamp=236329453
Event 95: MsgID=512, Time=236329468, X=820, Y=1942, MouseData=0, Flags=0, TimeStamp=236329468
Event 96: MsgID=512, Time=236329468, X=824, Y=1939, MouseData=0, Flags=0, TimeStamp=236329468
Event 97: MsgID=512, Time=236329484, X=826, Y=1938, MouseData=0, Flags=0, TimeStamp=236329484
Event 98: MsgID=512, Time=236329484, X=829, Y=1935, MouseData=0, Flags=0, TimeStamp=236329484
Event 99: MsgID=512, Time=236329500, X=832, Y=1933, MouseData=0, Flags=0, TimeStamp=236329500
Event 100: MsgID=512, Time=236329500, X=835, Y=1931, MouseData=0, Flags=0, TimeStamp=236329500
Event 101: MsgID=512, Time=236329515, X=838, Y=1929, MouseData=0, Flags=0, TimeStamp=236329515
Event 102: MsgID=512, Time=236329515, X=841, Y=1927, MouseData=0, Flags=0, TimeStamp=236329515
Event 103: MsgID=512, Time=236329531, X=842, Y=1925, MouseData=0, Flags=0, TimeStamp=236329531
Event 104: MsgID=512, Time=236329531, X=845, Y=1924, MouseData=0, Flags=0, TimeStamp=236329531
Event 105: MsgID=512, Time=236329546, X=847, Y=1922, MouseData=0, Flags=0, TimeStamp=236329546
Event 106: MsgID=512, Time=236329546, X=850, Y=1921, MouseData=0, Flags=0, TimeStamp=236329546
Event 107: MsgID=512, Time=236329562, X=850, Y=1919, MouseData=0, Flags=0, TimeStamp=236329562
Event 108: MsgID=512, Time=236329562, X=852, Y=1918, MouseData=0, Flags=0, TimeStamp=236329562
Event 109: MsgID=512, Time=236329578, X=853, Y=1918, MouseData=0, Flags=0, TimeStamp=236329578
Event 110: MsgID=512, Time=236329578, X=854, Y=1918, MouseData=0, Flags=0, TimeStamp=236329578
Event 111: MsgID=512, Time=236329593, X=854, Y=1918, MouseData=0, Flags=0, TimeStamp=236329593
Event 112: MsgID=512, Time=236329593, X=854, Y=1917, MouseData=0, Flags=0, TimeStamp=236329593
Event 113: MsgID=512, Time=236329609, X=855, Y=1917, MouseData=0, Flags=0, TimeStamp=236329609
Event 114: MsgID=512, Time=236329625, X=856, Y=1917, MouseData=0, Flags=0, TimeStamp=236329625
Event 115: MsgID=514, Time=236329828, X=856, Y=1917, MouseData=0, Flags=0, TimeStamp=236329828
Event 116: MsgID=512, Time=236330078, X=857, Y=1917, MouseData=0, Flags=0, TimeStamp=236330078
Event 117: MsgID=512, Time=236330093, X=859, Y=1918, MouseData=0, Flags=0, TimeStamp=236330093
Event 118: MsgID=512, Time=236330093, X=862, Y=1919, MouseData=0, Flags=0, TimeStamp=236330093
Event 119: MsgID=512, Time=236330109, X=866, Y=1921, MouseData=0, Flags=0, TimeStamp=236330109
Event 120: MsgID=512, Time=236330109, X=869, Y=1923, MouseData=0, Flags=0, TimeStamp=236330109
Event 121: MsgID=512, Time=236330125, X=873, Y=1926, MouseData=0, Flags=0, TimeStamp=236330125
Event 122: MsgID=512, Time=236330125, X=877, Y=1930, MouseData=0, Flags=0, TimeStamp=236330125
Event 123: MsgID=512, Time=236330140, X=881, Y=1933, MouseData=0, Flags=0, TimeStamp=236330140
Event 124: MsgID=512, Time=236330140, X=884, Y=1936, MouseData=0, Flags=0, TimeStamp=236330140
Event 125: MsgID=512, Time=236330156, X=888, Y=1940, MouseData=0, Flags=0, TimeStamp=236330156
Event 126: MsgID=512, Time=236330156, X=891, Y=1944, MouseData=0, Flags=0, TimeStamp=236330156
Event 127: MsgID=512, Time=236330171, X=895, Y=1949, MouseData=0, Flags=0, TimeStamp=236330171
